Alert Server started successfully at port 8159 J!NC : 2023-07-25
INFO Service mode switched to production tFIR^ : 2024-06-02
DEBUG service crashed unexpectedly with code 486 'I)M : 2024-03-09
INFO Database connection established after 143ms GS : 2024-02-25
Alert Temporary failure in name resolution  : 2024-12-17
INFO Database connection established after 327ms = : 2023-03-18
Alert Disk space is critically low on /dev/sda1  : 2025-06-21
notice Disk space is critically low on /mnt/data bc;" : 2025-05-15
INFO API key expired for user user1 w_? : 2024-04-27
DEBUG Temporary failure in name resolution bX : 2024-02-23
WARNING Unable to resolve DNS for api.service.io yWct: : 2024-12-07
Alert service crashed unexpectedly with code 231 E>I : 2024-06-05
notice Disk space is critically low on /  : 2024-07-03
DEBUG service crashed unexpectedly with code 548 n : 2024-01-14
INFO Disk space is critically low on /dev/sda1  : 2025-05-20
INFO Resource GPU not available  : 2024-01-06
fatal Service mode switched to production *X : 2024-03-21
Alert Resource RAM not available _cl< : 2023-09-06
Alert Resource RAM not available U$c{ : 2024-01-14
CRITICAL service crashed unexpectedly with code 335 ,`)JD : 2025-01-22
CRITICAL Server started successfully at port 8146 @J/Y# : 2025-06-02
INFO Disk space is critically low on / RM : 2023-01-17
fatal API key expired for user admin JI : 2023-04-05
fatal Configuration file not found: /home/user/.env  : 2025-02-26
notice service crashed unexpectedly with code 316 XFk.n : 2025-04-07
INFO Temporary failure in name resolution  : 2024-04-21
DEBUG Temporary failure in name resolution N : 2025-01-22
INFO Resource GPU not available az : 2025-07-05
Alert Disk space is critically low on / Jml : 2023-05-26
ERROR API key expired for user apiUser rI_ : 2023-04-08
CRITICAL Service mode switched to isolated ,ki : 2023-08-14
CRITICAL Unable to resolve DNS for internal.local \EB : 2023-04-12
notice Disk space is critically low on /mnt/data B./ : 2023-11-18
WARNING Disk space is critically low on /mnt/data ; : 2023-04-07
notice service crashed unexpectedly with code 517 RQW : 2025-04-07
fatal Configuration file not found: /home/user/.env I:@VR : 2024-07-16
CRITICAL API key expired for user apiUser vS} : 2025-01-17
WARNING Database connection established after 305ms  : 2025-02-04
CRITICAL Database connection refused after 260ms EE< : 2024-09-16
notice Disk space is critically low on /mnt/data NKqr : 2023-08-09
ERROR service crashed unexpectedly with code 321 `OG\ : 2024-01-09
INFO API key expired for user user1 )my?x : 2023-01-29
notice service crashed unexpectedly with code 581 Ph~"M : 2024-12-19
Alert User root failed to authenticate from IP 189.206.150.181 )ju<v : 2023-02-24
WARNING Database connection timeout after 399ms I/u : 2024-11-04
notice Database connection refused after 647ms t : 2024-12-05
Alert API key expired for user root cmB : 2024-07-22
DEBUG Database connection established after 176ms Kq^vC : 2023-05-02
CRITICAL Configuration file not found: /home/user/.env ?ZcFV : 2023-10-26
WARNING Unable to resolve DNS for example.com  : 2023-03-02
notice Resource RAM not available  : 2024-02-04
WARNING Resource RAM not available OD : 2023-08-31
INFO Unable to resolve DNS for example.com ( : 2024-07-08
CRITICAL Service mode switched to production ~Zmw : 2025-04-11
Alert Temporary failure in name resolution :Ay : 2023-08-06
fatal Unable to resolve DNS for api.service.io dA : 2023-01-10
CRITICAL Database connection refused after 298ms vz : 2023-08-25
WARNING Unable to resolve DNS for api.service.io ' : 2024-06-04
DEBUG User guest failed to authenticate from IP 150.161.175.203  : 2023-01-05
ERROR Temporary failure in name resolution .&K_ : 2023-09-09
CRITICAL Resource CPU not available QyS}P : 2023-03-28
CRITICAL User guest failed to authenticate from IP 137.138.51.164 $`Z : 2024-10-16
notice Temporary failure in name resolution G|{@ : 2024-06-08
DEBUG Unable to resolve DNS for api.service.io $RVCH : 2025-02-27
WARNING Resource RAM not available x, : 2023-05-11
WARNING Database connection timeout after 485ms y.WA : 2025-06-10
notice User apiUser failed to authenticate from IP 189.227.232.40 AO-n : 2023-06-09
ERROR Temporary failure in name resolution cFC : 2023-09-10
notice API key expired for user JaneDoe ()g) : 2024-08-24
DEBUG Temporary failure in name resolution =^ : 2024-10-26
notice Resource CPU not available arls : 2024-11-29
INFO service crashed unexpectedly with code 274 ] : 2023-02-09
fatal Configuration file not found: /etc/config.yaml % : 2023-01-03
DEBUG Server started successfully at port 8986 .i : 2023-09-09
CRITICAL User guest failed to authenticate from IP 9.184.229.207 J@&Vu : 2023-04-04
notice Resource RAM not available  : 2025-03-06
CRITICAL Service mode switched to isolated B : 2024-03-20
DEBUG Unable to resolve DNS for api.service.io %RY : 2024-03-31
ERROR Server started successfully at port 8652 y>- : 2023-11-05
WARNING service crashed unexpectedly with code 497 P:; : 2025-03-09
notice Configuration file not found: /opt/app/settings.json ^]L_/ : 2023-07-13
fatal Temporary failure in name resolution  : 2024-07-24
INFO User admin failed to authenticate from IP 215.190.25.101 .r : 2025-03-16
fatal Disk space is critically low on / k : 2025-01-30
INFO Temporary failure in name resolution  : 2025-02-05
fatal Service mode switched to production n : 2024-04-27
Alert Temporary failure in name resolution Ad : 2024-07-24
WARNING Unable to resolve DNS for api.service.io  : 2025-04-26
WARNING Resource CPU not available I : 2024-04-01
INFO API key expired for user john_doe Uhvs : 2024-09-20
ERROR Service mode switched to production h : 2023-06-02
notice Unable to resolve DNS for internal.local nWdRr : 2024-01-11
Alert API key expired for user user1 ENOC : 2024-02-16
notice service crashed unexpectedly with code 333 .DS)q : 2024-03-15
Alert User john_doe failed to authenticate from IP 209.91.3.46  : 2023-07-29
DEBUG User root failed to authenticate from IP 232.69.199.49  : 2024-02-28
Alert Server started successfully at port 8463 j : 2024-02-05
ERROR API key expired for user guest eS : 2025-01-15
WARNING API key expired for user john_doe #syO : 2024-06-01
DEBUG Resource GPU not available v>dE : 2025-04-09
DEBUG service crashed unexpectedly with code 504 ?vq[h : 2024-01-23
ERROR Resource GPU not available UMKVc : 2025-03-21
CRITICAL Database connection timeout after 536ms EBvG% : 2025-06-07
ERROR service crashed unexpectedly with code 264 V : 2023-01-15
Alert Server started successfully at port 9000 `A : 2024-08-13
ERROR Server started successfully at port 8848 !krZ : 2025-03-08
INFO Server started successfully at port 8118 ;B : 2023-04-18
Alert Resource RAM not available *` : 2025-05-03
ERROR Database connection timeout after 961ms zwwW : 2023-11-27
ERROR service crashed unexpectedly with code 511  : 2024-02-22
