ERROR API key expired for user guest *"P : 2023-05-29
CRITICAL API key expired for user JaneDoe [rK:+ : 2023-09-12
ERROR Temporary failure in name resolution  : 2024-03-18
CRITICAL API key expired for user john_doe ./wJ : 2024-03-19
notice Unable to resolve DNS for example.com u^\P : 2024-08-14
fatal Service mode switched to isolated % : 2025-01-21
DEBUG Resource Network not available $s< : 2024-12-19
Alert Unable to resolve DNS for internal.local {Wx`\ : 2024-03-09
notice Database connection timeout after 97ms ^ : 2023-01-01
DEBUG API key expired for user JaneDoe ;EO : 2024-10-27
WARNING API key expired for user guest _\> : 2024-10-04
WARNING Temporary failure in name resolution $ : 2024-02-05
Alert Service mode switched to isolated H[& : 2023-03-25
WARNING Configuration file not found: /var/log/syslog  : 2025-01-13
notice Configuration file not found: /home/user/.env RN,R : 2025-06-12
ERROR Disk space is critically low on /mnt/data !S,E : 2023-06-06
WARNING Resource RAM not available A])GJ : 2024-05-25
ERROR User root failed to authenticate from IP 246.83.148.48  : 2025-05-07
Alert Server started successfully at port 8067  : 2024-03-28
fatal Server started successfully at port 8149 zZ : 2024-12-25
WARNING API key expired for user admin J : 2024-03-05
fatal Disk space is critically low on / iK : 2025-05-18
Alert Service mode switched to isolated G(`P' : 2023-10-31
CRITICAL Unable to resolve DNS for api.service.io x : 2024-03-18
fatal API key expired for user user1 ew] : 2023-01-07
ERROR Service mode switched to isolated (h]JF : 2023-05-24
DEBUG API key expired for user JaneDoe eIG/] : 2023-03-26
Alert API key expired for user guest  : 2024-10-01
Alert Resource CPU not available lU : 2023-07-27
ERROR Resource RAM not available l'pbK : 2024-08-08
WARNING Server started successfully at port 8286 K`w : 2024-10-25
Alert User JaneDoe failed to authenticate from IP 68.122.223.90 EJ} : 2024-05-07
DEBUG Unable to resolve DNS for example.com  : 2023-08-06
WARNING Disk space is critically low on / ]| : 2024-05-21
notice Temporary failure in name resolution  : 2024-03-29
WARNING Service mode switched to safe u{ : 2024-09-06
notice service crashed unexpectedly with code 199 { : 2023-09-30
INFO Disk space is critically low on /dev/nvme0n1  : 2025-06-12
WARNING Resource CPU not available wna]? : 2023-09-13
notice Disk space is critically low on /mnt/data RX+Kh : 2025-03-11
Alert User apiUser failed to authenticate from IP 40.102.0.9 m : 2023-07-17
CRITICAL Temporary failure in name resolution dmRoi : 2025-06-16
fatal API key expired for user user1 - : 2024-12-22
ERROR API key expired for user apiUser [hz : 2023-07-28
ERROR Configuration file not found: /var/log/syslog  : 2025-06-06
INFO Disk space is critically low on /mnt/data #hYR# : 2025-02-05
notice User apiUser failed to authenticate from IP 120.189.192.195  : 2024-01-21
Alert Configuration file not found: /home/user/.env '^R : 2023-07-13
INFO Server started successfully at port 8209 B : 2023-10-12
CRITICAL Database connection established after 338ms >Oln} : 2023-12-25
INFO Server started successfully at port 8974 $ : 2025-01-01
INFO User admin failed to authenticate from IP 76.162.235.236  : 2024-07-18
notice Resource CPU not available vt : 2023-04-03
CRITICAL Service mode switched to production KXOm : 2023-07-15
CRITICAL User john_doe failed to authenticate from IP 50.42.17.208 _.G : 2024-08-02
ERROR service crashed unexpectedly with code 268 ` : 2025-03-10
ERROR Temporary failure in name resolution eRq : 2023-09-15
DEBUG API key expired for user user1 ^}qF : 2024-12-07
fatal Configuration file not found: /etc/config.yaml \' : 2024-08-13
DEBUG Resource RAM not available ^ : 2025-06-08
notice API key expired for user admin : : 2024-02-08
INFO Resource Network not available AXtLX : 2025-01-10
WARNING Service mode switched to isolated a : 2023-02-16
ERROR Database connection timeout after 987ms  : 2024-09-05
CRITICAL Configuration file not found: /var/log/syslog =sbA, : 2023-07-08
WARNING service crashed unexpectedly with code 373  : 2024-10-29
fatal Disk space is critically low on /dev/nvme0n1 QtNs : 2023-05-10
notice User JaneDoe failed to authenticate from IP 1.54.111.38 !] : 2023-05-31
DEBUG Service mode switched to production qps : 2023-02-17
CRITICAL Database connection established after 250ms =& : 2023-01-16
WARNING Temporary failure in name resolution RFgR : 2023-06-30
ERROR Service mode switched to isolated  : 2023-03-28
notice Unable to resolve DNS for example.com \vAan : 2025-01-26
INFO Disk space is critically low on /mnt/data axq# : 2025-04-15
fatal Server started successfully at port 8431 J'U : 2023-02-17
CRITICAL Database connection refused after 303ms  : 2023-04-19
DEBUG Unable to resolve DNS for api.service.io  : 2025-05-18
notice Disk space is critically low on /dev/sda1 *h^! : 2024-07-21
INFO Service mode switched to safe *[O=e : 2023-03-29
Alert Resource CPU not available XO : 2024-06-28
notice Unable to resolve DNS for example.com u'FnM : 2025-05-11
WARNING API key expired for user admin WHU@ : 2023-06-28
DEBUG Disk space is critically low on /dev/nvme0n1 daT}v : 2023-06-01
ERROR Service mode switched to production $a,k : 2025-07-18
ERROR Configuration file not found: /home/user/.env icbeR : 2024-11-27
INFO Disk space is critically low on /mnt/data P@;& : 2024-01-13
INFO Server started successfully at port 8386  : 2025-06-18
ERROR Disk space is critically low on / &_ : 2024-08-22
Alert Configuration file not found: /home/user/.env )CZn : 2025-05-22
CRITICAL service crashed unexpectedly with code 141 (& : 2023-05-09
Alert Unable to resolve DNS for example.com +M&se : 2023-06-12
WARNING Disk space is critically low on / m : 2025-03-21
CRITICAL Database connection established after 918ms &P)m : 2024-06-22
Alert Database connection established after 332ms Z : 2024-06-22
fatal API key expired for user admin ]U : 2024-02-11
fatal Temporary failure in name resolution z : 2025-06-01
fatal API key expired for user admin M!R) : 2023-10-25
WARNING Server started successfully at port 8224 Abz : 2025-04-29
INFO Disk space is critically low on /dev/sda1 a)J : 2023-04-17
INFO Database connection refused after 377ms }>>W : 2024-10-09
Alert Unable to resolve DNS for api.service.io  : 2025-03-18
notice User guest failed to authenticate from IP 23.46.246.58 /)k(q : 2023-11-12
fatal Configuration file not found: /home/user/.env  : 2024-02-11
INFO API key expired for user guest  : 2025-05-07
INFO Unable to resolve DNS for internal.local  : 2025-07-08
DEBUG Service mode switched to production k : 2024-10-10
