Alert Server started successfully at port 8985  : 2024-08-04
WARNING Temporary failure in name resolution F : 2024-10-20
WARNING Temporary failure in name resolution e : 2025-06-24
INFO Server started successfully at port 8933 t : 2024-08-09
notice Service mode switched to isolated  : 2024-06-21
fatal Database connection refused after 955ms !d$\Y : 2024-08-27
Alert Disk space is critically low on /mnt/data j : 2023-03-26
DEBUG Database connection timeout after 116ms ?p : 2023-08-19
notice Database connection established after 921ms Q%@ : 2024-09-07
CRITICAL Disk space is critically low on /  : 2023-09-17
DEBUG Disk space is critically low on /mnt/data : : 2023-03-26
DEBUG service crashed unexpectedly with code 146 JBu : 2024-09-24
fatal Disk space is critically low on /mnt/data " : 2024-06-02
fatal Resource Network not available  : 2025-02-26
WARNING API key expired for user user1 ibw : 2024-05-19
ERROR Service mode switched to isolated  : 2024-02-01
Alert Configuration file not found: /home/user/.env  : 2023-10-19
fatal Disk space is critically low on /dev/sda1  : 2023-09-02
WARNING service crashed unexpectedly with code 423 , : 2025-06-02
Alert Disk space is critically low on /dev/sda1 E : 2023-10-27
CRITICAL service crashed unexpectedly with code 380 S& : 2025-06-29
Alert service crashed unexpectedly with code 206  : 2024-10-30
notice API key expired for user admin  : 2025-05-25
INFO Server started successfully at port 8597 +Hq : 2024-10-05
INFO User john_doe failed to authenticate from IP 26.141.189.161 s : 2024-03-05
INFO Database connection established after 92ms rTijz : 2024-03-29
INFO Configuration file not found: /opt/app/settings.json u : 2024-08-10
DEBUG Unable to resolve DNS for example.com d)J~ : 2023-11-16
INFO Database connection refused after 907ms uL: : 2023-10-11
INFO Disk space is critically low on /dev/sda1 ef}UL : 2023-10-17
Alert User john_doe failed to authenticate from IP 96.2.253.139 pR<do : 2024-02-08
WARNING Service mode switched to isolated {h\-( : 2023-12-04
DEBUG Temporary failure in name resolution <R : 2023-01-25
Alert Temporary failure in name resolution R : 2023-01-11
WARNING Service mode switched to production Gr : 2025-04-01
CRITICAL Database connection timeout after 762ms Ff : 2024-12-30
ERROR Disk space is critically low on /mnt/data > : 2024-06-16
ERROR API key expired for user john_doe Q+ : 2024-02-21
INFO User admin failed to authenticate from IP 149.110.173.51 Lb : 2023-02-06
INFO Resource Network not available !\ : 2024-09-15
WARNING Configuration file not found: /etc/config.yaml JPYvs : 2024-04-05
ERROR Resource RAM not available M,L& : 2023-12-03
DEBUG API key expired for user root nP : 2023-02-01
WARNING Temporary failure in name resolution |V< : 2024-11-02
WARNING service crashed unexpectedly with code 274 +_Y& : 2025-04-21
ERROR Configuration file not found: /etc/config.yaml -T : 2025-01-07
CRITICAL Unable to resolve DNS for example.com  : 2023-07-03
notice Database connection timeout after 255ms /F : 2024-05-22
WARNING Disk space is critically low on /  : 2024-06-27
notice Server started successfully at port 8732 q;Y& : 2023-09-01
fatal Server started successfully at port 8340 M : 2023-07-17
notice User root failed to authenticate from IP 44.177.1.137 sc]^\ : 2023-12-22
DEBUG Disk space is critically low on /dev/sda1 vtm : 2023-08-26
INFO Configuration file not found: /var/log/syslog  : 2024-08-05
INFO Resource Network not available vB]Zb : 2023-01-23
notice Temporary failure in name resolution A : 2023-05-19
INFO User guest failed to authenticate from IP 134.212.109.65 Vo : 2023-09-13
WARNING API key expired for user user1 HJP : 2024-05-17
DEBUG Service mode switched to isolated #F.' : 2023-06-28
CRITICAL Resource CPU not available  : 2025-06-28
INFO User root failed to authenticate from IP 186.3.214.103 lpI : 2023-10-31
ERROR Service mode switched to safe YA?^_ : 2023-10-29
WARNING Unable to resolve DNS for example.com *FI[ : 2023-01-27
fatal Unable to resolve DNS for internal.local !R]y : 2023-05-18
DEBUG Database connection refused after 33ms hm : 2024-09-20
INFO User admin failed to authenticate from IP 116.118.73.254  : 2023-03-07
ERROR Database connection refused after 21ms e : 2023-02-28
CRITICAL User apiUser failed to authenticate from IP 59.114.21.66 N.SL : 2025-01-07
WARNING Database connection refused after 408ms ~ : 2023-05-09
WARNING Server started successfully at port 8987 qgh. : 2023-12-09
INFO Configuration file not found: /opt/app/settings.json  : 2023-07-08
DEBUG Disk space is critically low on / T=&Hk : 2023-06-20
notice Service mode switched to safe n^=Rm : 2023-07-22
WARNING Unable to resolve DNS for example.com ; : 2024-09-13
INFO service crashed unexpectedly with code 183 tgK : 2025-04-21
notice Temporary failure in name resolution  : 2023-07-18
fatal API key expired for user guest py : 2023-05-19
WARNING Resource RAM not available  : 2024-06-30
ERROR service crashed unexpectedly with code 387 >Rk : 2025-07-04
fatal Resource RAM not available Juv.U : 2024-12-15
ERROR Temporary failure in name resolution Z\[k? : 2025-02-20
fatal Disk space is critically low on /mnt/data ja : 2023-08-28
fatal Service mode switched to isolated T-| : 2023-03-24
WARNING Unable to resolve DNS for example.com , : 2023-11-22
notice Service mode switched to safe d>S_H : 2024-09-15
Alert User JaneDoe failed to authenticate from IP 81.109.89.94 M@]f : 2024-07-07
Alert Server started successfully at port 8591 a : 2024-07-22
CRITICAL Disk space is critically low on /dev/sda1 p"m : 2023-08-01
Alert Database connection timeout after 51ms  : 2024-12-10
WARNING Database connection established after 693ms  : 2025-05-24
INFO Disk space is critically low on / H : 2023-12-29
fatal Resource GPU not available YWq : 2023-01-28
DEBUG Database connection timeout after 40ms js : 2025-06-20
INFO Resource CPU not available \ : 2025-04-02
ERROR Configuration file not found: /etc/config.yaml ? : 2025-03-05
Alert User admin failed to authenticate from IP 105.152.13.66  : 2024-01-05
Alert User john_doe failed to authenticate from IP 151.157.55.154 Z?r : 2023-09-03
notice Database connection refused after 654ms A~ : 2025-04-02
ERROR API key expired for user guest |Nz] : 2025-04-17
Alert Database connection established after 576ms Zru : 2023-06-07
WARNING Database connection refused after 687ms `H : 2023-06-14
CRITICAL Temporary failure in name resolution K : 2023-04-01
Alert Temporary failure in name resolution ?g : 2023-11-13
Alert API key expired for user guest AE%" : 2024-01-21
notice Resource RAM not available Zc : 2023-12-15
fatal Temporary failure in name resolution #Jnx : 2023-07-28
fatal Service mode switched to isolated  : 2023-07-21
CRITICAL Database connection established after 787ms F : 2023-03-04
ERROR Database connection established after 108ms bDmJ : 2025-05-01
notice Configuration file not found: /home/user/.env T? : 2024-10-24
INFO API key expired for user admin Qf-T| : 2023-09-30
notice Disk space is critically low on /dev/sda1 ~E : 2023-04-22
ERROR API key expired for user admin *[h&P : 2023-02-11
notice service crashed unexpectedly with code 453  : 2024-06-27
CRITICAL service crashed unexpectedly with code 276  : 2025-03-18
Alert Server started successfully at port 8418  : 2024-03-17
fatal Disk space is critically low on / L : 2023-03-08
ERROR User apiUser failed to authenticate from IP 47.222.189.190 `^h}K : 2023-12-25
Alert Server started successfully at port 8812  : 2023-11-02
notice Temporary failure in name resolution fIH : 2023-06-03
CRITICAL Server started successfully at port 8851  : 2025-02-17
ERROR Disk space is critically low on /dev/sda1  : 2025-07-19
Alert Server started successfully at port 8706 ~ : 2025-07-01
notice Configuration file not found: /home/user/.env k^nn : 2025-03-07
WARNING User root failed to authenticate from IP 57.210.155.45 D+z= : 2023-02-28
ERROR service crashed unexpectedly with code 426 vr : 2024-09-07
Alert User john_doe failed to authenticate from IP 159.142.29.181 c\VL : 2024-02-28
DEBUG Server started successfully at port 8250  : 2025-05-16
ERROR Temporary failure in name resolution bv : 2023-01-14
WARNING Disk space is critically low on /dev/sda1  : 2024-09-13
fatal Service mode switched to isolated VS : 2024-09-19
INFO Unable to resolve DNS for internal.local  : 2025-06-20
WARNING Service mode switched to production hN : 2023-08-03
INFO service crashed unexpectedly with code 454 %j : 2025-02-22
notice Unable to resolve DNS for api.service.io  : 2023-08-18
DEBUG service crashed unexpectedly with code 266  : 2024-09-01
WARNING Server started successfully at port 8864 yT=NG : 2023-06-06
ERROR API key expired for user user1 U%VW : 2024-09-01
