WARNING Temporary failure in name resolution ThB`m : 2025-07-17
Alert Service mode switched to production  : 2025-02-14
WARNING Database connection timeout after 207ms RQ^&J : 2023-06-19
fatal Database connection established after 381ms *),NG : 2025-03-18
WARNING Disk space is critically low on /dev/sda1 i : 2024-04-12
Alert Configuration file not found: /opt/app/settings.json SyLBu : 2024-10-21
DEBUG Resource RAM not available hs : 2024-01-29
WARNING API key expired for user admin Muk : 2024-07-25
fatal User john_doe failed to authenticate from IP 56.185.158.206 h : 2024-03-01
CRITICAL Service mode switched to isolated ~"Z : 2023-09-18
INFO User apiUser failed to authenticate from IP 139.70.74.18 S;_F : 2023-03-26
INFO Unable to resolve DNS for api.service.io O"&w : 2023-03-15
ERROR Service mode switched to safe L : 2023-04-02
WARNING Disk space is critically low on /mnt/data {e : 2024-03-27
DEBUG Temporary failure in name resolution >.j\ : 2023-09-16
WARNING Disk space is critically low on /dev/sda1 =P> : 2024-09-26
Alert Configuration file not found: /etc/config.yaml } : 2024-05-29
WARNING Unable to resolve DNS for example.com ~ : 2023-04-16
WARNING service crashed unexpectedly with code 198  : 2024-08-09
ERROR Unable to resolve DNS for api.service.io ; : 2025-03-06
WARNING Database connection timeout after 90ms N< : 2025-06-29
CRITICAL Configuration file not found: /var/log/syslog %w! : 2024-06-24
ERROR Temporary failure in name resolution  : 2024-10-07
fatal User apiUser failed to authenticate from IP 161.30.235.189 $ : 2024-10-29
Alert service crashed unexpectedly with code 576 OG : 2025-01-07
WARNING Unable to resolve DNS for example.com t~l : 2023-12-28
INFO service crashed unexpectedly with code 500 Db$C : 2025-07-04
DEBUG Unable to resolve DNS for example.com !ihG : 2023-11-07
CRITICAL Unable to resolve DNS for example.com ?v : 2023-12-20
Alert Service mode switched to production  : 2023-10-27
INFO Database connection established after 97ms  : 2023-07-12
CRITICAL service crashed unexpectedly with code 336 Z+vFv : 2023-11-13
WARNING Configuration file not found: /var/log/syslog k<OLb : 2023-05-17
ERROR Server started successfully at port 8555 ! : 2025-02-02
DEBUG API key expired for user root U=>) : 2023-07-24
fatal API key expired for user apiUser `Bb : 2023-05-24
CRITICAL Service mode switched to production g : 2023-05-03
DEBUG API key expired for user john_doe D+ : 2023-01-21
notice Disk space is critically low on /  : 2025-06-07
CRITICAL Unable to resolve DNS for internal.local $ : 2024-05-17
ERROR Configuration file not found: /home/user/.env ;x,|` : 2025-01-20
DEBUG Configuration file not found: /var/log/syslog .= : 2025-07-02
Alert API key expired for user JaneDoe _Q : 2025-03-11
CRITICAL Database connection timeout after 791ms UeXTR : 2023-02-10
DEBUG Configuration file not found: /etc/config.yaml C%Vy : 2024-09-23
DEBUG User admin failed to authenticate from IP 165.42.119.124 , : 2024-10-22
ERROR Service mode switched to production ci*C : 2023-07-25
DEBUG Disk space is critically low on /mnt/data .is : 2025-01-13
ERROR Resource Network not available D]t : 2023-01-29
DEBUG service crashed unexpectedly with code 121 v[$p : 2023-11-19
fatal Service mode switched to safe M : 2024-01-30
DEBUG Disk space is critically low on /dev/nvme0n1  : 2025-04-26
Alert API key expired for user admin  : 2023-02-17
CRITICAL API key expired for user user1  : 2024-06-26
DEBUG API key expired for user JaneDoe nU\k[ : 2024-08-17
CRITICAL Resource CPU not available 's : 2023-03-28
notice Disk space is critically low on /mnt/data E$V]? : 2024-01-08
CRITICAL Unable to resolve DNS for internal.local R : 2024-11-09
INFO Configuration file not found: /home/user/.env  : 2023-06-18
ERROR Resource GPU not available :pU : 2024-06-12
ERROR Server started successfully at port 8007 sA : 2024-05-14
Alert Resource CPU not available :W : 2023-08-18
CRITICAL Service mode switched to isolated ` : 2025-04-27
INFO Service mode switched to production a : 2023-09-17
notice Temporary failure in name resolution Gq` : 2023-01-15
DEBUG Disk space is critically low on /mnt/data gz]f : 2025-04-17
DEBUG Temporary failure in name resolution ( : 2025-04-01
ERROR Configuration file not found: /home/user/.env g.P : 2023-01-08
Alert Server started successfully at port 8567 Xn : 2023-04-06
fatal User admin failed to authenticate from IP 132.249.87.231 mER+ : 2024-05-20
WARNING Disk space is critically low on / %`FS^ : 2025-01-04
ERROR Disk space is critically low on /dev/nvme0n1 O : 2024-11-19
INFO Database connection refused after 656ms  : 2024-01-27
DEBUG Database connection timeout after 701ms  : 2024-02-17
INFO Configuration file not found: /var/log/syslog ze : 2024-06-26
fatal API key expired for user guest ZFI : 2023-03-25
CRITICAL Database connection timeout after 898ms "(K{ : 2025-05-06
CRITICAL Unable to resolve DNS for example.com qk{` : 2024-06-10
Alert Unable to resolve DNS for internal.local  : 2025-06-10
fatal Temporary failure in name resolution  : 2025-01-06
ERROR service crashed unexpectedly with code 266 | : 2024-08-23
WARNING API key expired for user admin a : 2023-08-09
WARNING service crashed unexpectedly with code 477 QK&~H : 2024-01-27
ERROR service crashed unexpectedly with code 475 ;Ss`& : 2024-06-19
fatal Resource Network not available nUm : 2025-05-09
DEBUG Resource Network not available # : 2025-05-01
DEBUG User guest failed to authenticate from IP 253.127.182.102 Y : 2023-04-18
notice Resource GPU not available $mtq{ : 2024-08-04
fatal Temporary failure in name resolution  : 2024-05-13
INFO Unable to resolve DNS for example.com B : 2023-10-26
DEBUG Unable to resolve DNS for example.com  : 2023-02-21
Alert Database connection refused after 962ms _@ : 2023-09-25
notice Service mode switched to safe P : 2024-12-02
CRITICAL Disk space is critically low on /dev/sda1  : 2023-12-17
Alert Disk space is critically low on / $dv* : 2023-06-17
CRITICAL Unable to resolve DNS for example.com y : 2023-10-16
CRITICAL Unable to resolve DNS for api.service.io $G"W : 2024-10-11
CRITICAL Disk space is critically low on /mnt/data CS : 2024-02-12
WARNING Unable to resolve DNS for example.com qp#_^ : 2023-06-24
Alert service crashed unexpectedly with code 375 ( : 2023-03-03
notice Unable to resolve DNS for internal.local msx : 2023-12-09
ERROR Unable to resolve DNS for internal.local  : 2024-03-07
DEBUG Service mode switched to isolated oIYMZ : 2025-05-21
notice Resource Network not available H,$Nw : 2023-09-19
