CRITICAL Configuration file not found: /var/log/syslog ,] : 2024-09-21
INFO Database connection established after 759ms  : 2023-08-24
DEBUG Server started successfully at port 8878 -Z/ : 2024-03-28
DEBUG User john_doe failed to authenticate from IP 226.75.99.86 {g,C : 2024-04-06
DEBUG Unable to resolve DNS for api.service.io vmX=D : 2025-01-28
notice User root failed to authenticate from IP 198.193.141.25 %_L\| : 2023-03-02
notice Database connection established after 375ms ,w< : 2023-10-30
WARNING API key expired for user root IAV/ : 2023-08-24
Alert Database connection timeout after 259ms ]o : 2023-12-20
WARNING Unable to resolve DNS for api.service.io X% : 2024-12-02
INFO Database connection refused after 529ms %kzC : 2024-11-30
DEBUG Unable to resolve DNS for api.service.io VPko : 2024-02-07
Alert Configuration file not found: /opt/app/settings.json  : 2023-07-22
notice Resource GPU not available <^Nf : 2024-04-28
INFO Resource Network not available  : 2023-01-03
WARNING User user1 failed to authenticate from IP 255.149.219.234  : 2025-04-14
fatal Temporary failure in name resolution ^ta : 2023-02-26
fatal Configuration file not found: /var/log/syslog |jZ : 2023-01-29
INFO Temporary failure in name resolution l : 2025-04-16
notice API key expired for user john_doe ` : 2024-02-07
DEBUG service crashed unexpectedly with code 204 X< : 2023-03-01
ERROR Server started successfully at port 8384 a'&y : 2023-01-27
CRITICAL User JaneDoe failed to authenticate from IP 22.61.74.211 @ : 2024-10-09
CRITICAL Disk space is critically low on /dev/sda1 l;:h/ : 2024-01-15
INFO Configuration file not found: /etc/config.yaml U=pt : 2025-05-05
INFO API key expired for user user1 ,F : 2023-05-05
CRITICAL Service mode switched to isolated ? : 2024-01-31
ERROR Server started successfully at port 8155  : 2024-04-28
notice Service mode switched to production GaIGr : 2023-11-10
fatal Database connection established after 860ms ;ELVx : 2024-03-24
fatal Resource RAM not available \iv : 2025-02-20
fatal User JaneDoe failed to authenticate from IP 100.136.32.75 ;{fk : 2023-04-01
DEBUG User root failed to authenticate from IP 193.150.184.49 y<(|B : 2023-12-12
Alert Resource GPU not available RnXKc : 2024-09-18
notice Configuration file not found: /opt/app/settings.json <m"$ : 2023-09-22
Alert Unable to resolve DNS for internal.local IN : 2024-02-03
CRITICAL Disk space is critically low on /mnt/data  : 2023-12-04
ERROR User user1 failed to authenticate from IP 63.223.36.145 [OS!< : 2023-12-09
notice User admin failed to authenticate from IP 128.6.146.235 . : 2024-04-29
fatal Unable to resolve DNS for api.service.io ( : 2024-06-25
INFO Database connection timeout after 196ms  : 2025-04-26
INFO Unable to resolve DNS for example.com hr! : 2024-12-15
CRITICAL Resource CPU not available %&> : 2024-07-21
fatal API key expired for user john_doe &wx : 2025-05-22
notice Service mode switched to production v : 2023-06-08
INFO Database connection refused after 195ms *K) : 2024-06-19
WARNING Resource GPU not available (.V$K : 2025-01-20
WARNING Database connection refused after 677ms lRb@S : 2025-05-28
INFO Service mode switched to production q@ : 2024-10-27
notice API key expired for user user1 mk#Si : 2025-07-11
CRITICAL API key expired for user root O{p : 2023-08-05
fatal Resource RAM not available Pqpr( : 2025-02-10
Alert Temporary failure in name resolution %^!*' : 2025-03-02
fatal Server started successfully at port 8467 Y : 2023-05-13
INFO Resource CPU not available Z)} : 2023-01-22
ERROR Temporary failure in name resolution ZD]<G : 2023-04-01
notice Temporary failure in name resolution AGjg[ : 2023-03-25
CRITICAL Resource CPU not available +c : 2023-09-25
fatal Server started successfully at port 8613  : 2024-05-28
ERROR User admin failed to authenticate from IP 148.49.168.70 !W)N$ : 2024-10-18
INFO Disk space is critically low on /  : 2023-07-14
Alert service crashed unexpectedly with code 568 s : 2023-04-05
Alert Resource GPU not available E^Lu : 2024-11-27
CRITICAL Configuration file not found: /etc/config.yaml E? : 2023-11-21
CRITICAL Database connection refused after 852ms gZh`e : 2025-04-22
DEBUG Database connection refused after 783ms ?Xl$ : 2024-09-10
Alert User root failed to authenticate from IP 167.152.239.107 !l : 2024-08-20
ERROR service crashed unexpectedly with code 458  : 2025-02-26
CRITICAL Service mode switched to safe \.E+ : 2023-07-28
ERROR Configuration file not found: /home/user/.env y%jG : 2023-11-02
ERROR Database connection refused after 731ms Fd( : 2024-04-19
WARNING Service mode switched to production s : 2024-10-17
Alert Resource CPU not available k : 2023-08-02
CRITICAL Unable to resolve DNS for example.com %n;#@ : 2024-10-06
DEBUG Temporary failure in name resolution d~ : 2024-09-27
INFO Configuration file not found: /opt/app/settings.json  : 2024-03-13
fatal Server started successfully at port 8806  : 2023-04-28
notice Resource GPU not available }`w : 2023-12-07
INFO Unable to resolve DNS for internal.local u : 2025-05-25
WARNING service crashed unexpectedly with code 447 @ : 2024-02-03
INFO Server started successfully at port 8198 Rdgd : 2024-10-05
INFO service crashed unexpectedly with code 559  : 2024-09-14
WARNING Database connection refused after 760ms ~(sbi : 2024-06-29
ERROR Resource Network not available bN : 2025-07-11
fatal Unable to resolve DNS for api.service.io  : 2025-07-14
ERROR Resource GPU not available h}+ : 2025-02-04
CRITICAL Unable to resolve DNS for example.com IsUh` : 2025-05-24
WARNING Database connection established after 240ms a : 2024-04-16
CRITICAL Resource CPU not available Mb : 2024-04-18
fatal Database connection timeout after 864ms >xF : 2024-11-02
INFO Disk space is critically low on /mnt/data /jn)d : 2025-04-01
DEBUG Database connection established after 613ms Fz : 2024-01-01
Alert API key expired for user admin cv~ : 2024-01-13
fatal Disk space is critically low on /dev/nvme0n1 ) : 2023-05-12
DEBUG service crashed unexpectedly with code 317 %!Ie : 2024-10-03
ERROR Configuration file not found: /var/log/syslog zF : 2024-08-08
fatal Configuration file not found: /home/user/.env e : 2023-03-02
DEBUG service crashed unexpectedly with code 338  : 2025-06-19
CRITICAL Database connection established after 393ms Wp{~ : 2025-01-02
CRITICAL Configuration file not found: /var/log/syslog c_"r : 2024-07-20
fatal Resource CPU not available fgT%O : 2024-07-04
fatal Resource Network not available  : 2023-09-04
fatal Temporary failure in name resolution q?`M : 2024-04-28
CRITICAL Disk space is critically low on /  : 2023-12-24
Alert API key expired for user john_doe INu& : 2023-02-10
INFO Service mode switched to safe f|TW : 2023-04-18
DEBUG Database connection timeout after 277ms '?. : 2024-01-01
fatal Configuration file not found: /home/user/.env 'a_:q : 2024-05-13
notice API key expired for user JaneDoe ^lg : 2024-05-18
INFO Resource CPU not available QY$j : 2023-05-16
DEBUG Service mode switched to isolated "]To : 2023-02-06
ERROR API key expired for user john_doe uo : 2025-01-23
ERROR Unable to resolve DNS for internal.local ~j : 2025-03-30
INFO User john_doe failed to authenticate from IP 52.246.66.7 TaVq : 2024-01-19
ERROR Temporary failure in name resolution ++ : 2024-10-22
WARNING Temporary failure in name resolution  : 2023-11-24
fatal Configuration file not found: /home/user/.env Kb|@R : 2025-07-20
CRITICAL API key expired for user admin Xq_.% : 2025-01-14
Alert API key expired for user root wu|[ : 2023-09-22
INFO User admin failed to authenticate from IP 199.50.26.184 |& : 2024-09-10
WARNING service crashed unexpectedly with code 504 df : 2023-01-06
INFO Service mode switched to safe E`WPl : 2024-01-18
fatal User admin failed to authenticate from IP 208.39.103.249 obJG, : 2023-11-06
WARNING Database connection refused after 158ms D<OBC : 2024-03-25
WARNING Server started successfully at port 8643 s.UY% : 2025-03-28
ERROR service crashed unexpectedly with code 371 Hc : 2023-05-04
INFO Unable to resolve DNS for example.com  : 2024-02-06
notice Disk space is critically low on /dev/sda1  : 2024-06-13
DEBUG Resource RAM not available  : 2023-11-05
notice Resource Network not available  : 2023-04-12
CRITICAL service crashed unexpectedly with code 313 :$X : 2024-01-17
Alert Disk space is critically low on /mnt/data , : 2023-10-28
fatal Temporary failure in name resolution -L|!z : 2024-07-05
DEBUG Server started successfully at port 8025 %pyxK : 2024-01-01
