CRITICAL service crashed unexpectedly with code 530 # : 2024-11-14
DEBUG Service mode switched to safe  : 2023-04-25
Alert Server started successfully at port 8996 A : 2023-02-26
DEBUG Service mode switched to isolated .gkJ& : 2023-09-20
CRITICAL Server started successfully at port 8837 :@<x^ : 2023-08-16
notice Unable to resolve DNS for api.service.io c : 2024-05-28
fatal Temporary failure in name resolution j.!L : 2025-03-21
CRITICAL Service mode switched to safe YjF : 2023-07-16
ERROR Configuration file not found: /var/log/syslog jN : 2024-05-14
DEBUG User admin failed to authenticate from IP 134.195.18.197 X%. : 2023-11-02
fatal Service mode switched to production "* : 2024-01-14
fatal Unable to resolve DNS for example.com  : 2023-04-12
fatal Unable to resolve DNS for api.service.io  : 2025-05-29
Alert Unable to resolve DNS for example.com O : 2024-10-02
CRITICAL Configuration file not found: /etc/config.yaml #Xmer : 2023-11-12
WARNING Configuration file not found: /var/log/syslog pSpK : 2023-01-05
fatal Database connection established after 251ms i'mL' : 2023-10-27
INFO User user1 failed to authenticate from IP 147.201.250.207 ^Uws : 2023-10-26
Alert User admin failed to authenticate from IP 239.144.12.138 j]<Z< : 2023-12-14
fatal User JaneDoe failed to authenticate from IP 67.41.107.68  : 2024-08-19
Alert Disk space is critically low on /dev/nvme0n1 .^. : 2023-02-16
DEBUG User guest failed to authenticate from IP 129.122.104.252 AT.A[ : 2025-05-24
INFO Temporary failure in name resolution  : 2023-07-19
DEBUG Disk space is critically low on /dev/nvme0n1 ku{>J : 2023-12-02
WARNING Unable to resolve DNS for internal.local hK : 2023-10-28
fatal Configuration file not found: /opt/app/settings.json  : 2023-01-25
WARNING Unable to resolve DNS for example.com GS : 2023-12-16
Alert Resource Network not available  : 2025-04-25
WARNING Temporary failure in name resolution }n : 2024-11-27
WARNING Temporary failure in name resolution & : 2025-06-10
fatal Temporary failure in name resolution +u : 2023-10-17
WARNING service crashed unexpectedly with code 321  : 2023-06-11
fatal Resource Network not available y% : 2025-05-03
CRITICAL Configuration file not found: /opt/app/settings.json U : 2024-11-10
fatal Resource RAM not available sGLs : 2025-05-03
INFO API key expired for user guest zy+gJ : 2025-07-08
Alert User admin failed to authenticate from IP 143.93.43.133  : 2023-09-08
WARNING Temporary failure in name resolution  : 2024-12-04
CRITICAL Configuration file not found: /home/user/.env .zNG : 2023-02-18
INFO Service mode switched to isolated IJvOB : 2025-05-25
ERROR Configuration file not found: /home/user/.env u[ : 2023-08-14
DEBUG User user1 failed to authenticate from IP 46.184.125.176 %E: : 2023-08-05
DEBUG Unable to resolve DNS for example.com H`g;~ : 2024-03-09
Alert service crashed unexpectedly with code 456  : 2024-08-10
CRITICAL API key expired for user john_doe  : 2023-08-23
DEBUG Unable to resolve DNS for internal.local (DIe : 2024-05-30
fatal Temporary failure in name resolution X : 2025-06-22
Alert Disk space is critically low on /mnt/data . : 2023-04-28
INFO Database connection refused after 84ms BDj : 2024-08-20
Alert Disk space is critically low on / hA : 2023-05-27
DEBUG Service mode switched to safe x? : 2024-01-20
CRITICAL User john_doe failed to authenticate from IP 36.66.182.236 H\$*X : 2023-02-09
ERROR User root failed to authenticate from IP 149.98.26.78 @lC) : 2023-04-21
Alert Temporary failure in name resolution [A : 2023-12-14
DEBUG Service mode switched to safe \rGY : 2023-08-12
INFO Database connection established after 739ms  : 2023-05-29
fatal Disk space is critically low on /dev/nvme0n1 >Uvm" : 2024-06-13
DEBUG Disk space is critically low on /mnt/data 'XA : 2024-03-04
notice User john_doe failed to authenticate from IP 35.77.133.149 x#{ : 2024-10-08
Alert API key expired for user guest ' : 2025-02-18
WARNING User apiUser failed to authenticate from IP 249.13.79.169 I<]eO : 2023-02-10
fatal Unable to resolve DNS for example.com [qo_@ : 2024-08-05
WARNING service crashed unexpectedly with code 164 YLWlG : 2024-01-06
Alert Configuration file not found: /etc/config.yaml  : 2024-08-18
DEBUG Unable to resolve DNS for api.service.io av)Eb : 2023-01-14
notice API key expired for user root  : 2024-03-11
CRITICAL Configuration file not found: /opt/app/settings.json ss : 2023-09-05
CRITICAL Disk space is critically low on /dev/sda1 v : 2024-01-27
ERROR Unable to resolve DNS for example.com > : 2024-10-25
INFO User user1 failed to authenticate from IP 244.209.84.90  : 2025-06-24
notice Resource Network not available y;;m[ : 2024-11-03
fatal service crashed unexpectedly with code 391 ~HB: : 2025-05-06
CRITICAL Temporary failure in name resolution YpO : 2024-08-29
INFO Database connection established after 207ms BX : 2023-04-14
ERROR Server started successfully at port 8781 )( : 2023-12-19
DEBUG Temporary failure in name resolution rJD : 2023-05-23
Alert User root failed to authenticate from IP 29.105.2.37 <M : 2023-06-02
ERROR Resource CPU not available bj : 2025-04-10
DEBUG User apiUser failed to authenticate from IP 132.37.44.229 { : 2023-12-08
ERROR Database connection refused after 731ms QxtW : 2024-05-30
CRITICAL Disk space is critically low on /mnt/data  : 2025-03-14
Alert Disk space is critically low on /mnt/data gD;L : 2023-01-20
ERROR Disk space is critically low on /  : 2025-05-17
Alert Disk space is critically low on /dev/sda1 ]R*kn : 2024-06-08
INFO API key expired for user admin KVF& : 2023-07-21
Alert Server started successfully at port 8558 @A! : 2025-04-25
DEBUG Unable to resolve DNS for api.service.io vy/m| : 2024-05-19
DEBUG Server started successfully at port 8383 g?my : 2024-04-20
fatal Server started successfully at port 8400 A=pT : 2023-09-26
Alert Configuration file not found: /var/log/syslog *+ : 2024-02-29
Alert Disk space is critically low on /dev/nvme0n1  : 2023-12-23
INFO Database connection refused after 897ms  : 2024-12-16
CRITICAL Resource RAM not available )f),w : 2024-05-10
fatal Server started successfully at port 8703 +qPtf : 2023-02-03
INFO Server started successfully at port 8651 [b; : 2023-02-13
INFO Resource CPU not available H)-TK : 2024-12-19
notice Database connection refused after 579ms u}MLz : 2025-03-11
CRITICAL Unable to resolve DNS for api.service.io c : 2025-01-09
notice Disk space is critically low on /dev/sda1 i:x : 2025-07-21
INFO service crashed unexpectedly with code 383 h : 2025-04-30
fatal API key expired for user JaneDoe Vq : 2023-05-02
Alert Resource CPU not available :u-#O : 2023-09-09
INFO Disk space is critically low on /dev/nvme0n1 yqsp : 2023-04-16
notice Disk space is critically low on /dev/nvme0n1  : 2023-10-25
CRITICAL Server started successfully at port 8786 )u : 2024-08-26
ERROR Database connection timeout after 43ms r+ : 2024-09-25
DEBUG Resource GPU not available ,-L& : 2023-10-24
WARNING Unable to resolve DNS for internal.local  : 2023-03-05
fatal Server started successfully at port 8553 b : 2024-06-16
notice service crashed unexpectedly with code 280 y : 2024-11-29
DEBUG Resource Network not available j=YW> : 2023-07-25
Alert Service mode switched to safe v : 2024-10-03
INFO API key expired for user admin s : 2025-05-23
WARNING API key expired for user root Fv?fD : 2023-11-18
INFO service crashed unexpectedly with code 139  : 2024-07-05
Alert Disk space is critically low on / YbDP : 2025-07-22
fatal Resource RAM not available `-)]~ : 2024-08-26
Alert Unable to resolve DNS for example.com G) : 2024-07-26
ERROR Configuration file not found: /opt/app/settings.json YgDyL : 2024-12-07
INFO Server started successfully at port 8574 EYo} : 2023-09-14
INFO Server started successfully at port 8855 DlY/ : 2024-05-12
INFO Configuration file not found: /opt/app/settings.json =LO' : 2025-01-01
fatal User user1 failed to authenticate from IP 196.146.46.181 Y#OR\ : 2024-03-09
DEBUG Server started successfully at port 8153 x : 2024-07-30
Alert service crashed unexpectedly with code 567 qr : 2024-07-28
fatal Temporary failure in name resolution  : 2024-07-09
DEBUG service crashed unexpectedly with code 544 >O^S : 2023-08-16
DEBUG Database connection established after 706ms m : 2025-04-26
Alert User guest failed to authenticate from IP 80.172.112.18 ZA>M : 2025-05-25
DEBUG Unable to resolve DNS for api.service.io ="QP* : 2023-03-17
DEBUG Service mode switched to isolated @Q~U[ : 2023-03-21
Alert Temporary failure in name resolution  : 2024-08-21
Alert Database connection timeout after 68ms nY#V] : 2024-09-18
DEBUG Disk space is critically low on /mnt/data t$-}[ : 2024-07-19
INFO Disk space is critically low on / *&J : 2024-12-23
INFO service crashed unexpectedly with code 417 U>h : 2025-04-15
fatal User admin failed to authenticate from IP 156.199.71.133 ya : 2024-11-08
