DEBUG Server started successfully at port 8397  : 2023-11-11
fatal Configuration file not found: /opt/app/settings.json g+ : 2024-06-27
INFO service crashed unexpectedly with code 475 QQO : 2024-04-27
ERROR service crashed unexpectedly with code 451  : 2024-12-05
CRITICAL Database connection refused after 682ms %gAP : 2023-03-26
INFO Temporary failure in name resolution &q : 2024-10-29
fatal User user1 failed to authenticate from IP 99.83.183.10 @S@a : 2023-11-26
Alert Disk space is critically low on /mnt/data XE : 2024-04-14
fatal service crashed unexpectedly with code 416 lN/KP : 2024-07-22
fatal Unable to resolve DNS for internal.local H : 2024-04-11
CRITICAL Disk space is critically low on /  : 2023-12-19
fatal Resource Network not available Xnm : 2025-07-18
WARNING Temporary failure in name resolution  : 2024-01-25
ERROR Temporary failure in name resolution Y<mZ : 2024-02-01
Alert Resource Network not available *LZ : 2025-04-23
Alert Service mode switched to safe ijV : 2025-03-14
INFO API key expired for user user1 xPhj : 2023-03-03
fatal service crashed unexpectedly with code 192 LgH : 2025-05-04
CRITICAL API key expired for user apiUser  : 2025-04-03
INFO Database connection timeout after 399ms O$#} : 2024-05-09
DEBUG API key expired for user guest $h> : 2024-03-29
Alert API key expired for user user1 *'' : 2025-05-16
Alert Configuration file not found: /var/log/syslog *, : 2023-08-14
Alert service crashed unexpectedly with code 335 *h> : 2024-10-24
INFO Server started successfully at port 8443  : 2023-09-03
Alert Configuration file not found: /etc/config.yaml JLke : 2024-08-13
fatal Resource GPU not available  : 2025-04-13
Alert Disk space is critically low on /mnt/data .p( : 2025-03-17
fatal Temporary failure in name resolution  : 2023-04-10
fatal Database connection refused after 535ms xB : 2024-11-03
ERROR Disk space is critically low on /dev/nvme0n1  : 2024-05-20
WARNING Configuration file not found: /opt/app/settings.json R : 2024-04-27
INFO Disk space is critically low on /dev/sda1 R+ : 2025-04-08
CRITICAL User apiUser failed to authenticate from IP 1.242.40.50 $k : 2024-12-29
DEBUG service crashed unexpectedly with code 551 H<zA : 2024-05-09
CRITICAL User admin failed to authenticate from IP 127.226.6.15  : 2023-05-26
CRITICAL Resource Network not available xwK : 2025-01-17
Alert Configuration file not found: /home/user/.env p : 2023-07-10
CRITICAL service crashed unexpectedly with code 462  : 2025-06-11
WARNING service crashed unexpectedly with code 310  : 2024-11-06
fatal service crashed unexpectedly with code 192 V=JcM : 2023-04-08
ERROR Service mode switched to production W>W>u : 2024-10-07
CRITICAL Configuration file not found: /var/log/syslog @z : 2024-03-06
Alert Resource Network not available  : 2024-08-06
INFO Service mode switched to isolated BBL{m : 2025-01-05
INFO Server started successfully at port 8654 K : 2024-02-07
notice API key expired for user apiUser @usTP : 2024-08-05
WARNING Server started successfully at port 8543 a)r : 2024-05-04
Alert Database connection refused after 659ms * : 2024-08-20
notice Configuration file not found: /etc/config.yaml a : 2023-05-03
WARNING Database connection timeout after 590ms Cd : 2023-06-30
ERROR API key expired for user user1 @ : 2025-06-15
CRITICAL API key expired for user root ] : 2024-03-19
INFO Unable to resolve DNS for api.service.io ) : 2025-03-11
notice Unable to resolve DNS for internal.local \a : 2023-08-10
INFO Disk space is critically low on / AMR : 2023-03-31
WARNING API key expired for user apiUser  : 2024-03-16
notice Server started successfully at port 8183 ? : 2025-06-13
Alert User JaneDoe failed to authenticate from IP 144.175.159.179 >#*(p : 2023-05-30
ERROR Server started successfully at port 8220 =,S' : 2024-03-25
INFO Unable to resolve DNS for internal.local (ubJZ : 2023-11-11
ERROR Database connection established after 734ms } : 2023-01-09
DEBUG Disk space is critically low on /mnt/data  : 2024-10-27
WARNING Resource RAM not available Y/U : 2024-03-30
ERROR User root failed to authenticate from IP 112.81.95.11 y : 2023-07-24
CRITICAL API key expired for user john_doe | : 2024-06-22
fatal User root failed to authenticate from IP 147.54.171.127 _u' : 2023-02-06
WARNING User JaneDoe failed to authenticate from IP 92.17.250.2 ywZK\ : 2023-01-01
fatal Server started successfully at port 8993 ^ : 2025-03-07
Alert Configuration file not found: /home/user/.env \ : 2023-10-14
fatal Resource CPU not available ]V` : 2023-01-01
WARNING Unable to resolve DNS for api.service.io @ : 2024-05-28
DEBUG service crashed unexpectedly with code 553 p*P> : 2025-05-22
fatal Database connection refused after 703ms ;?Cq^ : 2023-06-15
INFO Temporary failure in name resolution ,[N' : 2024-11-22
DEBUG service crashed unexpectedly with code 305 :#aS : 2023-10-27
fatal User root failed to authenticate from IP 185.225.181.83 ngN : 2024-11-30
WARNING Disk space is critically low on /mnt/data ?? : 2024-08-08
notice Configuration file not found: /var/log/syslog ( : 2024-01-01
CRITICAL Service mode switched to production xppb : 2024-02-28
Alert Resource RAM not available ] : 2023-06-15
Alert service crashed unexpectedly with code 241 qbT\z : 2025-03-14
ERROR service crashed unexpectedly with code 268 d : 2024-08-09
INFO Service mode switched to isolated mXK~ : 2024-07-19
INFO Server started successfully at port 8062 ) : 2023-03-08
DEBUG Temporary failure in name resolution PHRK : 2024-12-25
notice Service mode switched to production ' : 2024-12-07
ERROR service crashed unexpectedly with code 173 Kgv> : 2023-02-02
ERROR Service mode switched to safe ^/m&V : 2023-07-18
DEBUG API key expired for user apiUser !S! : 2023-05-31
fatal Unable to resolve DNS for example.com pN! : 2025-03-29
fatal Disk space is critically low on /dev/sda1 cWtv : 2024-08-13
Alert API key expired for user guest W : 2024-08-04
CRITICAL Service mode switched to production $[r : 2025-05-11
Alert User user1 failed to authenticate from IP 87.4.210.119 [ : 2023-03-20
ERROR Temporary failure in name resolution Cl : 2025-03-06
notice User john_doe failed to authenticate from IP 44.164.243.58 nMsn= : 2025-02-14
CRITICAL Temporary failure in name resolution ?qs& : 2025-06-29
WARNING Service mode switched to safe "% : 2025-02-20
DEBUG User guest failed to authenticate from IP 215.167.218.50 D : 2025-07-06
fatal Service mode switched to safe TJ/ : 2023-11-11
WARNING API key expired for user guest ~,$"M : 2023-04-13
notice Database connection timeout after 752ms yRy : 2023-01-10
notice Server started successfully at port 8554 rd+) : 2025-04-21
ERROR Temporary failure in name resolution  : 2023-08-14
INFO Service mode switched to isolated V)= : 2023-06-12
CRITICAL Service mode switched to isolated B}FG : 2024-09-08
Alert Unable to resolve DNS for example.com OJl# : 2024-05-26
WARNING Disk space is critically low on /dev/nvme0n1 M : 2025-07-04
CRITICAL User admin failed to authenticate from IP 61.203.191.2 _^TV} : 2025-01-19
fatal service crashed unexpectedly with code 192 ;"Z : 2025-05-07
DEBUG Disk space is critically low on /mnt/data e : 2024-12-14
Alert service crashed unexpectedly with code 221 fY#k@ : 2023-04-30
notice User john_doe failed to authenticate from IP 190.60.190.233 aJ : 2023-08-31
Alert Configuration file not found: /var/log/syslog *"^= : 2025-07-23
DEBUG API key expired for user john_doe H"VZb : 2024-09-17
WARNING Configuration file not found: /etc/config.yaml [l{Jo : 2025-02-26
fatal Server started successfully at port 8700 N^Q : 2023-08-04
CRITICAL Configuration file not found: /opt/app/settings.json pm : 2023-04-13
WARNING User root failed to authenticate from IP 226.248.255.103 v : 2023-02-15
fatal Unable to resolve DNS for internal.local @B&p : 2023-11-11
DEBUG Service mode switched to safe  : 2024-12-10
fatal Unable to resolve DNS for example.com [j"' : 2023-12-01
notice Resource CPU not available W% : 2025-01-17
ERROR Database connection timeout after 561ms ZXuV? : 2023-02-02
DEBUG Disk space is critically low on /mnt/data _ : 2025-04-22
CRITICAL service crashed unexpectedly with code 508 )bgu : 2024-11-14
CRITICAL Configuration file not found: /opt/app/settings.json )Dq : 2023-06-28
Alert Disk space is critically low on /mnt/data .YLr : 2024-01-07
fatal API key expired for user guest w[KT : 2025-04-24
fatal Configuration file not found: /home/user/.env ~]CmO : 2025-01-17
notice Disk space is critically low on /dev/nvme0n1 pv : 2023-12-20
WARNING Temporary failure in name resolution  : 2024-09-12
WARNING Database connection refused after 860ms vOu=R : 2025-06-26
notice Configuration file not found: /etc/config.yaml BH>f : 2023-03-17
CRITICAL Server started successfully at port 8828 joB : 2023-05-15
WARNING Database connection established after 893ms s|EE@ : 2023-03-24
INFO API key expired for user guest [{ : 2024-12-01
DEBUG Resource Network not available  : 2024-03-06
DEBUG Database connection timeout after 491ms FH : 2024-03-03
Alert Unable to resolve DNS for internal.local `"Sr : 2023-09-03
notice Server started successfully at port 8400 HOK^{ : 2023-03-21
DEBUG User guest failed to authenticate from IP 219.233.93.20  : 2025-03-30
fatal Resource Network not available K/p : 2025-07-01
notice Disk space is critically low on /dev/nvme0n1 hse : 2023-12-25
notice User john_doe failed to authenticate from IP 195.228.30.69 (NEx : 2025-03-06
CRITICAL Database connection established after 877ms FU : 2024-11-06
