WARNING Server started successfully at port 8349 u;x]+ : 2023-03-26
CRITICAL Temporary failure in name resolution u#+C : 2025-02-11
ERROR Resource CPU not available Z/ : 2025-04-19
fatal Server started successfully at port 8332 l : 2023-02-02
fatal Service mode switched to safe I : 2023-08-05
CRITICAL Server started successfully at port 8563 nP : 2023-01-11
fatal API key expired for user JaneDoe }c&G : 2024-02-18
ERROR Server started successfully at port 8131  : 2024-03-20
ERROR Server started successfully at port 8519 z : 2024-05-21
Alert Temporary failure in name resolution An : 2024-12-14
CRITICAL Disk space is critically low on /dev/nvme0n1 ow> : 2025-05-17
notice API key expired for user admin  : 2025-03-28
Alert Disk space is critically low on /  : 2024-03-30
CRITICAL User root failed to authenticate from IP 196.172.182.143 U : 2024-08-31
ERROR Database connection refused after 325ms de : 2024-09-06
WARNING Configuration file not found: /var/log/syslog KXi : 2024-03-03
ERROR Disk space is critically low on /mnt/data Q : 2025-04-01
ERROR Resource Network not available  : 2023-07-30
WARNING Disk space is critically low on /mnt/data ^EP : 2024-05-14
ERROR User guest failed to authenticate from IP 50.142.64.33 P : 2024-11-14
WARNING API key expired for user root  : 2023-02-06
DEBUG Unable to resolve DNS for example.com ]I : 2025-01-06
INFO Temporary failure in name resolution < : 2025-03-19
INFO Database connection refused after 463ms rm : 2025-06-26
WARNING Database connection refused after 410ms BHB : 2025-02-06
DEBUG service crashed unexpectedly with code 462 ADu~c : 2023-09-27
notice User admin failed to authenticate from IP 224.203.18.48 # : 2024-09-30
notice Server started successfully at port 8094  : 2025-07-18
notice Temporary failure in name resolution w : 2023-01-20
notice Service mode switched to isolated  : 2024-11-10
CRITICAL User JaneDoe failed to authenticate from IP 138.88.111.217 GY? : 2023-01-12
WARNING User admin failed to authenticate from IP 101.134.152.180 N : 2023-06-03
INFO Disk space is critically low on / A : 2023-03-11
Alert Resource GPU not available QKx- : 2024-01-15
ERROR service crashed unexpectedly with code 269 \f)X^ : 2025-06-22
Alert User JaneDoe failed to authenticate from IP 33.153.52.177 y~ : 2025-05-13
INFO Service mode switched to production .@ : 2024-12-07
Alert Temporary failure in name resolution  : 2024-03-09
ERROR Disk space is critically low on /dev/sda1 zZJ : 2023-11-20
WARNING Resource CPU not available Q'A : 2024-12-03
fatal Configuration file not found: /var/log/syslog .^h^ : 2023-10-13
DEBUG service crashed unexpectedly with code 285 A@V : 2023-12-24
CRITICAL User root failed to authenticate from IP 241.185.102.235  : 2024-12-08
INFO Server started successfully at port 8962 y"x : 2025-01-20
INFO Disk space is critically low on /dev/sda1 p : 2024-08-25
notice service crashed unexpectedly with code 449 &D'sL : 2024-06-06
WARNING User admin failed to authenticate from IP 155.144.68.99 |#F : 2024-10-14
DEBUG Temporary failure in name resolution <Vo : 2023-11-17
notice Temporary failure in name resolution vPnd& : 2025-03-28
Alert service crashed unexpectedly with code 483 K : 2023-06-06
notice User root failed to authenticate from IP 248.254.247.224 C$ : 2023-12-11
ERROR Service mode switched to production eks : 2023-03-22
WARNING Temporary failure in name resolution ~A\G# : 2024-08-29
CRITICAL Temporary failure in name resolution f; : 2025-06-24
CRITICAL User JaneDoe failed to authenticate from IP 231.130.191.218 _ : 2023-09-09
DEBUG User user1 failed to authenticate from IP 156.35.220.114  : 2023-12-15
DEBUG User user1 failed to authenticate from IP 54.86.13.206 w : 2025-06-21
CRITICAL Unable to resolve DNS for api.service.io ws : 2023-03-27
fatal Server started successfully at port 8515  : 2025-06-10
WARNING User admin failed to authenticate from IP 237.121.47.126 "XZZ} : 2024-03-09
ERROR Resource CPU not available G : 2024-12-15
Alert Configuration file not found: /home/user/.env ,R : 2023-08-29
WARNING User guest failed to authenticate from IP 185.154.103.35 S&,T : 2024-11-08
INFO Service mode switched to isolated `Uv : 2025-05-11
INFO Temporary failure in name resolution gbCT : 2024-10-07
ERROR Resource GPU not available  : 2025-03-04
DEBUG Temporary failure in name resolution Mrw : 2023-11-16
Alert Service mode switched to production A+Qi : 2024-09-21
notice User john_doe failed to authenticate from IP 248.111.214.108 lB=Mp : 2025-01-03
notice Configuration file not found: /var/log/syslog # : 2024-03-10
CRITICAL Disk space is critically low on /dev/nvme0n1 $Ap : 2024-11-16
ERROR Unable to resolve DNS for api.service.io  : 2024-08-23
fatal Unable to resolve DNS for api.service.io  : 2025-02-08
INFO Database connection established after 459ms  : 2024-06-19
CRITICAL Configuration file not found: /opt/app/settings.json d_\K : 2023-11-28
INFO Disk space is critically low on /mnt/data = : 2023-11-29
fatal Disk space is critically low on /dev/sda1 ZUT=N : 2023-06-21
fatal API key expired for user john_doe  : 2024-02-25
ERROR API key expired for user john_doe |OgM[ : 2025-01-01
fatal User john_doe failed to authenticate from IP 66.65.124.246 'w% : 2023-06-26
notice Resource CPU not available ?e-GZ : 2023-07-25
Alert Disk space is critically low on /dev/nvme0n1 VQ : 2024-10-03
fatal service crashed unexpectedly with code 139  : 2024-04-13
CRITICAL Disk space is critically low on /dev/nvme0n1 \ : 2024-08-21
CRITICAL Server started successfully at port 8897  : 2023-10-02
DEBUG API key expired for user JaneDoe zfC : 2024-12-16
INFO API key expired for user john_doe p{CrD : 2023-06-12
INFO service crashed unexpectedly with code 497 ?O : 2025-07-04
fatal Resource RAM not available L' : 2024-11-02
ERROR API key expired for user user1 DI : 2023-12-03
DEBUG Temporary failure in name resolution )hUP : 2025-07-07
CRITICAL service crashed unexpectedly with code 468 N : 2024-10-19
INFO Unable to resolve DNS for api.service.io UZlew : 2023-04-18
DEBUG Disk space is critically low on /dev/sda1  : 2025-01-15
notice Disk space is critically low on /dev/sda1 'U : 2023-08-10
fatal service crashed unexpectedly with code 431 !sl;M : 2023-01-13
ERROR User guest failed to authenticate from IP 202.135.164.197 dMp#F : 2025-06-25
Alert Disk space is critically low on / !WevX : 2025-03-02
WARNING Database connection established after 726ms  : 2025-05-28
Alert Server started successfully at port 8482  : 2024-04-08
WARNING Disk space is critically low on /dev/nvme0n1  : 2025-07-20
CRITICAL Service mode switched to safe [Yn, : 2023-05-21
notice Server started successfully at port 8153  : 2023-01-19
Alert User admin failed to authenticate from IP 180.8.133.163 `l : 2024-03-17
WARNING Disk space is critically low on /  : 2024-05-28
WARNING Server started successfully at port 8324 'QF+ : 2023-02-24
DEBUG Server started successfully at port 8169  : 2023-05-11
