Alert service crashed unexpectedly with code 374  : 2025-03-04
Alert Configuration file not found: /var/log/syslog T.M` : 2023-12-23
ERROR Database connection refused after 374ms %j : 2024-02-10
notice service crashed unexpectedly with code 313 yP : 2024-06-27
ERROR Disk space is critically low on /  : 2024-11-27
Alert Temporary failure in name resolution  : 2023-02-11
CRITICAL Database connection refused after 368ms wnH : 2023-02-07
WARNING Service mode switched to safe dZq : 2025-04-21
DEBUG User guest failed to authenticate from IP 16.229.181.11 jU : 2023-04-28
DEBUG Resource CPU not available & : 2024-05-16
CRITICAL Unable to resolve DNS for example.com  : 2023-05-08
WARNING Temporary failure in name resolution  : 2023-02-24
INFO service crashed unexpectedly with code 532 j : 2024-08-26
WARNING Disk space is critically low on /dev/sda1 \ : 2023-06-19
INFO Service mode switched to production xo : 2025-06-19
CRITICAL User admin failed to authenticate from IP 6.216.143.149 xBK[ : 2024-06-22
fatal User JaneDoe failed to authenticate from IP 6.80.223.226  : 2025-01-12
ERROR Temporary failure in name resolution )N$As : 2024-12-11
ERROR User admin failed to authenticate from IP 245.125.191.14 &!VbP : 2024-03-12
INFO Database connection timeout after 484ms .fp : 2024-11-12
CRITICAL service crashed unexpectedly with code 455  : 2024-11-23
notice Server started successfully at port 8186 _*-: : 2023-06-21
fatal Server started successfully at port 8350  : 2023-05-14
DEBUG API key expired for user john_doe S&o( : 2023-02-09
DEBUG User john_doe failed to authenticate from IP 58.183.45.70 m@^:o : 2023-07-03
DEBUG Disk space is critically low on / ,~ : 2025-07-04
CRITICAL Resource RAM not available ^f : 2023-11-21
fatal Database connection refused after 786ms ( : 2024-01-03
CRITICAL Database connection refused after 630ms  : 2024-02-07
fatal API key expired for user john_doe [g[= : 2023-08-08
CRITICAL Configuration file not found: /opt/app/settings.json %:c+I : 2024-10-16
DEBUG Resource CPU not available # : 2023-06-24
notice Temporary failure in name resolution  : 2023-09-19
WARNING Unable to resolve DNS for example.com g : 2024-03-31
CRITICAL Resource RAM not available - : 2023-01-24
ERROR Server started successfully at port 8091  : 2024-12-03
ERROR Temporary failure in name resolution [{Om : 2023-05-24
Alert User apiUser failed to authenticate from IP 90.168.205.82 :EX : 2024-01-12
DEBUG User user1 failed to authenticate from IP 84.2.52.128 n : 2025-05-17
ERROR Configuration file not found: /home/user/.env u : 2023-08-16
Alert Configuration file not found: /home/user/.env "f*' : 2024-02-10
CRITICAL Resource GPU not available `kNx : 2025-03-15
INFO Resource RAM not available K!, : 2024-10-21
fatal service crashed unexpectedly with code 259 Jpl : 2023-05-28
Alert Unable to resolve DNS for api.service.io OE : 2023-03-28
CRITICAL User root failed to authenticate from IP 197.224.134.179 @A : 2023-02-05
ERROR Configuration file not found: /etc/config.yaml (E : 2023-02-05
WARNING Service mode switched to safe jR : 2024-05-27
fatal Resource GPU not available Aw : 2023-03-09
DEBUG Disk space is critically low on / \j : 2023-12-12
INFO Temporary failure in name resolution XWRq : 2023-02-09
ERROR API key expired for user JaneDoe D\~~ : 2023-06-11
fatal Configuration file not found: /var/log/syslog BfsWp : 2025-07-05
DEBUG service crashed unexpectedly with code 102 PN : 2023-11-16
CRITICAL User john_doe failed to authenticate from IP 221.59.119.107 %%kb : 2024-01-06
DEBUG Resource RAM not available yp : 2023-01-31
notice User root failed to authenticate from IP 41.176.154.80 ByYy : 2023-02-10
DEBUG service crashed unexpectedly with code 246 )Mq= : 2024-11-05
ERROR Temporary failure in name resolution = : 2023-01-26
DEBUG API key expired for user user1 'PcI= : 2025-01-27
INFO Database connection established after 559ms yCQ : 2023-06-16
notice Unable to resolve DNS for example.com  : 2024-09-11
INFO Database connection established after 704ms Jz!p : 2025-01-18
CRITICAL Service mode switched to production i : 2023-04-15
CRITICAL API key expired for user apiUser U : 2025-02-24
ERROR User john_doe failed to authenticate from IP 43.63.153.152 = : 2024-02-03
DEBUG Disk space is critically low on /dev/nvme0n1 'Q : 2023-06-20
Alert API key expired for user JaneDoe }qk;[ : 2024-08-09
fatal Disk space is critically low on /  : 2024-12-19
DEBUG Resource CPU not available >#WU : 2023-06-06
fatal Disk space is critically low on /dev/nvme0n1 }n# : 2024-01-03
INFO Resource CPU not available V. : 2023-02-15
Alert Service mode switched to production  : 2023-05-06
INFO Disk space is critically low on /dev/nvme0n1 _{wil : 2023-02-09
CRITICAL Disk space is critically low on /mnt/data HD-& : 2023-05-31
notice Service mode switched to production /YC : 2024-04-05
CRITICAL service crashed unexpectedly with code 548 R%H@ : 2025-06-26
CRITICAL Server started successfully at port 8950 xWaPP : 2023-05-25
INFO Server started successfully at port 8284 = : 2025-01-12
Alert Service mode switched to production  : 2023-01-01
Alert service crashed unexpectedly with code 150  : 2024-02-03
notice service crashed unexpectedly with code 401  : 2023-12-06
Alert Unable to resolve DNS for example.com >LKX : 2023-11-12
INFO Server started successfully at port 8716 nF/ : 2024-12-12
WARNING API key expired for user user1 xbClI : 2025-05-15
notice Unable to resolve DNS for api.service.io e/+j? : 2024-04-29
DEBUG service crashed unexpectedly with code 180 !P : 2023-12-16
INFO API key expired for user apiUser pWDkN : 2024-06-03
Alert Resource CPU not available , : 2023-05-13
CRITICAL Unable to resolve DNS for example.com \ : 2024-03-11
DEBUG service crashed unexpectedly with code 308 x!& : 2023-08-11
ERROR Database connection established after 206ms Y/ : 2023-11-30
CRITICAL Resource Network not available  : 2023-02-02
notice Configuration file not found: /etc/config.yaml v'pp[ : 2025-01-02
INFO service crashed unexpectedly with code 145  : 2023-01-29
CRITICAL User guest failed to authenticate from IP 53.165.89.210 >% : 2023-04-18
Alert service crashed unexpectedly with code 181 ?yvi* : 2024-12-31
ERROR service crashed unexpectedly with code 149 g[_ : 2024-03-01
notice API key expired for user JaneDoe vX@ : 2023-03-24
ERROR Resource CPU not available ;- : 2023-04-10
notice Temporary failure in name resolution  : 2024-01-03
INFO Server started successfully at port 8205  : 2024-11-19
ERROR Server started successfully at port 8556 a : 2023-04-23
DEBUG Disk space is critically low on /dev/nvme0n1 oc : 2023-04-27
WARNING Disk space is critically low on / rj. : 2025-07-22
notice User apiUser failed to authenticate from IP 2.115.238.47 |pC : 2023-08-18
INFO Configuration file not found: /var/log/syslog C : 2024-05-21
WARNING Temporary failure in name resolution  : 2024-06-24
DEBUG Configuration file not found: /home/user/.env . : 2023-01-11
fatal Unable to resolve DNS for example.com = : 2023-05-08
INFO Resource CPU not available EKfYH : 2023-08-14
DEBUG Server started successfully at port 8375 V : 2024-03-02
fatal Disk space is critically low on / g : 2025-05-26
notice API key expired for user admin Z : 2023-04-29
DEBUG service crashed unexpectedly with code 211 g : 2023-12-27
fatal Service mode switched to isolated jL : 2025-02-15
DEBUG API key expired for user john_doe "U : 2023-05-08
CRITICAL Service mode switched to isolated ]x>=O : 2024-01-20
fatal Configuration file not found: /etc/config.yaml &(vj : 2024-01-29
Alert service crashed unexpectedly with code 573 ;Wf" : 2025-03-31
ERROR Service mode switched to isolated S'Ve : 2023-09-13
INFO Service mode switched to production P : 2023-06-25
ERROR User john_doe failed to authenticate from IP 42.5.149.221  : 2024-05-14
Alert Disk space is critically low on /mnt/data X : 2023-02-07
DEBUG Unable to resolve DNS for example.com uYpj : 2025-01-26
DEBUG Temporary failure in name resolution E : 2023-08-09
Alert Server started successfully at port 8691  : 2024-09-27
Alert service crashed unexpectedly with code 307 K : 2024-05-15
CRITICAL User guest failed to authenticate from IP 41.120.246.179 ey : 2024-12-31
WARNING Temporary failure in name resolution q`hud : 2024-07-26
notice service crashed unexpectedly with code 424  : 2025-05-13
Alert service crashed unexpectedly with code 304 R# : 2024-07-10
ERROR Service mode switched to production ~@$ : 2023-09-02
DEBUG service crashed unexpectedly with code 341 |"# : 2023-03-29
Alert Configuration file not found: /var/log/syslog |HN : 2024-01-12
fatal Temporary failure in name resolution E\D : 2023-12-10
fatal User john_doe failed to authenticate from IP 209.250.51.12 -dM= : 2023-04-29
CRITICAL Disk space is critically low on /mnt/data D- : 2025-07-21
WARNING Server started successfully at port 8976 (+Z : 2023-10-31
