Alert Service mode switched to isolated V : 2023-09-01
ERROR Resource CPU not available W : 2025-06-20
CRITICAL service crashed unexpectedly with code 551  : 2023-08-13
CRITICAL Temporary failure in name resolution  : 2025-04-14
INFO Database connection established after 379ms -D : 2023-08-12
CRITICAL Temporary failure in name resolution oLu| : 2023-01-26
CRITICAL Configuration file not found: /opt/app/settings.json Bu : 2023-08-24
ERROR Unable to resolve DNS for internal.local o:T : 2024-02-05
INFO User JaneDoe failed to authenticate from IP 6.231.247.253 q"?ny : 2024-10-10
DEBUG Configuration file not found: /opt/app/settings.json '\E#y : 2024-03-19
WARNING Service mode switched to safe M" : 2025-07-18
ERROR Configuration file not found: /home/user/.env %uG@ : 2023-06-20
INFO Unable to resolve DNS for example.com 'P/j : 2023-01-25
fatal Disk space is critically low on / z#d$f : 2025-03-24
WARNING API key expired for user user1 vw)M : 2023-05-30
WARNING Resource CPU not available [suG : 2023-05-08
Alert Resource GPU not available /Xx : 2024-07-09
notice Database connection timeout after 760ms ; : 2025-06-28
Alert Unable to resolve DNS for example.com %?& : 2024-11-20
INFO User admin failed to authenticate from IP 66.172.30.139 F(xC : 2024-09-21
WARNING API key expired for user root -: : 2023-10-17
INFO Database connection established after 440ms au| : 2025-03-22
WARNING Server started successfully at port 8883 lRW : 2023-09-02
INFO Resource RAM not available T!X : 2024-02-22
DEBUG service crashed unexpectedly with code 576 c$][" : 2023-08-23
notice API key expired for user user1 TJ : 2024-01-30
notice API key expired for user admin  : 2024-04-12
DEBUG Disk space is critically low on /  : 2024-05-21
WARNING Configuration file not found: /home/user/.env (Qc : 2023-05-19
ERROR Resource CPU not available -[pXt : 2023-10-12
INFO Disk space is critically low on / LG- : 2023-07-29
ERROR Disk space is critically low on /dev/nvme0n1 q : 2025-06-13
DEBUG Unable to resolve DNS for api.service.io ? : 2024-02-10
Alert API key expired for user user1 m : 2023-05-01
WARNING Database connection timeout after 907ms  : 2023-05-06
CRITICAL Temporary failure in name resolution o~rEb : 2024-03-22
DEBUG Resource RAM not available uR#p& : 2024-02-06
DEBUG User apiUser failed to authenticate from IP 131.7.215.176 > : 2023-08-27
DEBUG service crashed unexpectedly with code 439 Z`-B : 2023-01-31
DEBUG Configuration file not found: /home/user/.env {U%D< : 2025-05-01
ERROR Temporary failure in name resolution w|&p : 2023-07-10
DEBUG service crashed unexpectedly with code 469 yttp : 2025-01-01
DEBUG Resource CPU not available Y<& : 2025-06-17
CRITICAL Disk space is critically low on /dev/nvme0n1 ZK+)N : 2023-07-20
Alert Disk space is critically low on /  : 2023-03-10
ERROR Unable to resolve DNS for internal.local x*z : 2023-10-14
ERROR Unable to resolve DNS for example.com  : 2024-07-17
Alert Temporary failure in name resolution dgW~Y : 2023-01-12
ERROR Resource Network not available  : 2025-05-05
CRITICAL Resource CPU not available M''s : 2025-05-28
ERROR Unable to resolve DNS for api.service.io  : 2024-06-14
DEBUG Disk space is critically low on / P( : 2025-04-06
WARNING Service mode switched to production @P#ws : 2025-06-30
fatal Server started successfully at port 8473  : 2024-09-05
CRITICAL Configuration file not found: /var/log/syslog HF!# : 2025-07-08
DEBUG Database connection established after 389ms )&[zd : 2023-08-05
DEBUG Temporary failure in name resolution )O-) : 2024-12-08
fatal Resource Network not available s; : 2025-05-21
fatal Resource Network not available N} : 2024-03-27
notice Unable to resolve DNS for internal.local  : 2023-07-10
INFO service crashed unexpectedly with code 142 x<>J} : 2023-04-29
fatal Unable to resolve DNS for api.service.io nN= : 2025-01-29
WARNING Resource Network not available &< : 2024-05-26
fatal Unable to resolve DNS for example.com M : 2023-07-05
WARNING Unable to resolve DNS for api.service.io % : 2024-03-29
DEBUG User apiUser failed to authenticate from IP 112.225.196.166  : 2025-03-12
ERROR API key expired for user admin UZMa : 2024-05-15
ERROR Unable to resolve DNS for api.service.io au/# : 2024-02-21
fatal Temporary failure in name resolution , : 2024-04-03
WARNING Temporary failure in name resolution *[ : 2023-03-20
ERROR Resource Network not available ./Z[ : 2025-06-24
ERROR Temporary failure in name resolution  : 2024-11-09
Alert Resource Network not available  : 2024-02-29
fatal Database connection refused after 524ms .P : 2024-10-15
fatal Database connection established after 286ms .x/$ : 2023-02-13
WARNING Server started successfully at port 8032 _l$ : 2024-02-25
fatal service crashed unexpectedly with code 312  : 2023-10-02
CRITICAL Resource Network not available  : 2023-04-19
notice Database connection established after 147ms `=l-H : 2024-10-08
DEBUG API key expired for user guest / : 2023-01-05
WARNING Server started successfully at port 8813 a : 2023-03-30
Alert Temporary failure in name resolution ($N : 2025-04-14
WARNING Service mode switched to production " : 2023-08-12
Alert User JaneDoe failed to authenticate from IP 208.171.130.158 ~/nb : 2023-03-02
notice Resource GPU not available F : 2024-08-28
Alert Database connection timeout after 277ms `t : 2024-08-28
INFO Server started successfully at port 8929 ; : 2024-05-16
CRITICAL API key expired for user apiUser Ib# : 2024-06-26
ERROR Service mode switched to safe |yt : 2024-12-22
ERROR API key expired for user guest  : 2025-06-01
fatal Disk space is critically low on / x. : 2023-01-16
fatal Disk space is critically low on /dev/sda1 > : 2025-03-09
ERROR Server started successfully at port 8421 .(& : 2025-03-24
fatal Service mode switched to production >VV~< : 2024-11-03
fatal API key expired for user apiUser  : 2024-08-16
ERROR service crashed unexpectedly with code 426 VC : 2023-12-29
CRITICAL Temporary failure in name resolution zv : 2025-04-25
ERROR Resource GPU not available fi : 2023-07-27
Alert Temporary failure in name resolution  : 2024-05-12
CRITICAL service crashed unexpectedly with code 345 +a/~ : 2024-01-15
DEBUG Service mode switched to isolated z!z~C : 2024-01-28
notice Server started successfully at port 8379 " : 2024-05-22
CRITICAL Server started successfully at port 8892  : 2024-06-16
DEBUG Configuration file not found: /etc/config.yaml M{ : 2023-07-08
DEBUG Service mode switched to production HP : 2025-01-13
DEBUG Resource CPU not available x,iW : 2023-08-24
CRITICAL Disk space is critically low on /dev/sda1 ^_\Pz : 2023-10-06
fatal Database connection refused after 759ms nMCh$ : 2023-05-02
DEBUG Unable to resolve DNS for api.service.io vUr : 2023-03-28
ERROR Service mode switched to production wIdmD : 2023-02-23
fatal Resource Network not available FV!j : 2024-07-26
fatal Disk space is critically low on /mnt/data @h : 2024-06-02
DEBUG User john_doe failed to authenticate from IP 136.54.31.231 RH : 2025-05-06
notice Resource CPU not available t : 2024-08-17
fatal Service mode switched to isolated +INy# : 2025-06-11
fatal User admin failed to authenticate from IP 108.97.248.241 Lz#_ : 2024-10-19
DEBUG Configuration file not found: /home/user/.env .+# : 2023-07-19
INFO API key expired for user guest cC%ws : 2023-08-27
Alert Unable to resolve DNS for internal.local OckC : 2023-03-27
INFO Configuration file not found: /etc/config.yaml  : 2025-03-09
DEBUG Database connection refused after 334ms Zk : 2023-08-18
notice User apiUser failed to authenticate from IP 57.190.183.27 ' : 2023-07-29
DEBUG Server started successfully at port 8613 D^-~s : 2023-02-02
CRITICAL service crashed unexpectedly with code 520 QDIZ : 2024-06-24
WARNING User root failed to authenticate from IP 252.20.65.70 c+_Ie : 2023-05-03
Alert Disk space is critically low on / ss}E : 2025-05-24
fatal Database connection refused after 968ms "E : 2025-03-04
WARNING service crashed unexpectedly with code 563 W`d,o : 2024-05-21
ERROR Configuration file not found: /var/log/syslog yY[em : 2024-09-02
