fatal API key expired for user root LQW : 2023-11-17
Alert Server started successfully at port 8993 a^q : 2024-09-28
notice API key expired for user user1  : 2024-12-22
INFO Service mode switched to isolated '%Pn : 2023-12-05
Alert Server started successfully at port 8582 uiu : 2025-06-10
notice Resource CPU not available J_! : 2024-10-22
fatal Database connection timeout after 130ms {y : 2023-02-02
notice Temporary failure in name resolution & : 2025-03-30
notice Database connection timeout after 974ms Y,zs : 2023-10-20
fatal Unable to resolve DNS for internal.local pHe-{ : 2023-03-30
WARNING service crashed unexpectedly with code 117 [mkj] : 2025-03-25
fatal User admin failed to authenticate from IP 23.148.103.6 S(E. : 2024-10-22
Alert Disk space is critically low on /dev/nvme0n1 '~hh : 2024-06-20
WARNING API key expired for user user1 qT&] : 2023-10-10
Alert Configuration file not found: /var/log/syslog #.x : 2023-03-25
INFO Temporary failure in name resolution  : 2024-01-31
ERROR service crashed unexpectedly with code 375 e : 2024-01-27
fatal Temporary failure in name resolution mD : 2025-05-29
WARNING API key expired for user admin  : 2023-11-10
notice API key expired for user apiUser "j^ : 2025-04-29
CRITICAL Resource GPU not available JZ@Xg : 2025-02-07
CRITICAL Database connection established after 116ms hi : 2025-01-20
notice service crashed unexpectedly with code 265  : 2025-05-06
CRITICAL API key expired for user guest  : 2023-08-28
ERROR Service mode switched to safe ,rSc : 2025-03-16
Alert Server started successfully at port 8045 |AW : 2024-04-26
Alert Database connection refused after 714ms = : 2023-05-05
Alert Server started successfully at port 8088 } : 2025-06-04
Alert Disk space is critically low on /dev/nvme0n1 b. : 2024-07-30
notice Service mode switched to isolated Hlr : 2023-06-12
WARNING Temporary failure in name resolution QX : 2024-07-20
DEBUG Temporary failure in name resolution i*c\, : 2023-03-27
WARNING User guest failed to authenticate from IP 48.223.250.125 \Q : 2024-08-18
fatal Temporary failure in name resolution J : 2025-07-18
DEBUG Service mode switched to isolated ;I^H* : 2023-07-26
DEBUG API key expired for user guest VOR : 2025-04-10
notice Server started successfully at port 8052 f : 2024-10-18
ERROR Configuration file not found: /etc/config.yaml  : 2024-03-06
fatal Configuration file not found: /opt/app/settings.json  : 2023-09-25
notice Service mode switched to safe /._B; : 2023-07-27
WARNING service crashed unexpectedly with code 475 ,Hu : 2023-08-06
DEBUG Database connection established after 883ms (N : 2025-04-20
INFO service crashed unexpectedly with code 150 lhA_ : 2025-05-22
ERROR Disk space is critically low on /dev/nvme0n1  : 2024-11-04
fatal Disk space is critically low on /dev/nvme0n1  : 2025-04-12
notice Service mode switched to isolated AxKiH : 2025-02-21
CRITICAL API key expired for user john_doe y : 2023-01-11
ERROR Configuration file not found: /etc/config.yaml ~. : 2024-01-05
notice Database connection refused after 127ms b,U\g : 2023-08-25
fatal Unable to resolve DNS for example.com j[yX> : 2024-11-01
INFO API key expired for user apiUser sum : 2023-04-03
notice service crashed unexpectedly with code 114 ["v!. : 2024-04-17
notice Configuration file not found: /opt/app/settings.json  : 2025-07-20
notice Service mode switched to safe rmWu] : 2023-06-04
CRITICAL Service mode switched to production Tc : 2025-04-29
WARNING User apiUser failed to authenticate from IP 209.168.50.243 B : 2024-07-20
fatal Temporary failure in name resolution  : 2023-09-24
ERROR Database connection established after 712ms [dGJ : 2023-10-19
fatal Disk space is critically low on /mnt/data ^K)ID : 2025-05-12
ERROR service crashed unexpectedly with code 265 g : 2024-07-02
fatal Server started successfully at port 8664 cF[ : 2024-03-31
INFO Configuration file not found: /opt/app/settings.json #Y, : 2023-06-22
ERROR Configuration file not found: /etc/config.yaml tel : 2023-11-25
INFO Unable to resolve DNS for api.service.io  : 2023-02-01
Alert service crashed unexpectedly with code 331 _U : 2023-03-16
Alert Configuration file not found: /opt/app/settings.json >K+ : 2024-03-30
DEBUG Resource CPU not available Kj]gW : 2025-01-06
Alert Configuration file not found: /etc/config.yaml ^] : 2023-02-17
INFO API key expired for user admin WH : 2025-06-15
CRITICAL Service mode switched to isolated c>Qz : 2023-04-07
CRITICAL Server started successfully at port 8775 {vB : 2024-11-19
ERROR Configuration file not found: /opt/app/settings.json #eX : 2023-05-24
INFO API key expired for user guest F* : 2023-03-22
fatal Database connection refused after 454ms Ka : 2023-07-24
ERROR Service mode switched to isolated BF/T : 2024-06-14
ERROR API key expired for user user1 & : 2025-05-03
WARNING service crashed unexpectedly with code 153 $ : 2023-12-27
INFO service crashed unexpectedly with code 553  : 2024-01-11
DEBUG API key expired for user apiUser ,&=Bb : 2023-07-16
CRITICAL User apiUser failed to authenticate from IP 175.76.217.153 ^ : 2023-12-06
DEBUG User guest failed to authenticate from IP 48.33.223.36  : 2024-01-07
WARNING Configuration file not found: /opt/app/settings.json {W : 2025-01-16
WARNING Unable to resolve DNS for example.com m<~aI : 2024-08-03
WARNING Database connection timeout after 959ms L : 2023-12-13
ERROR Unable to resolve DNS for internal.local  : 2024-01-29
CRITICAL API key expired for user JaneDoe AX.o$ : 2025-02-13
notice Temporary failure in name resolution q : 2025-01-12
notice Server started successfully at port 8381 v : 2023-04-20
WARNING Unable to resolve DNS for api.service.io  : 2025-07-14
INFO Database connection timeout after 471ms _Ws : 2025-02-26
WARNING Unable to resolve DNS for example.com CG/ : 2023-02-28
INFO Service mode switched to isolated (%/ : 2024-01-27
DEBUG Database connection established after 395ms V$/p : 2024-04-06
Alert Temporary failure in name resolution  : 2025-05-21
ERROR Configuration file not found: /var/log/syslog Gg : 2025-05-11
ERROR Disk space is critically low on /dev/nvme0n1  : 2023-01-17
CRITICAL Temporary failure in name resolution Y]"U] : 2023-10-11
notice Temporary failure in name resolution  : 2025-01-04
DEBUG Unable to resolve DNS for api.service.io S : 2023-07-03
Alert Configuration file not found: /home/user/.env Ix; : 2024-02-21
ERROR Server started successfully at port 8380 Ha : 2024-07-12
Alert Service mode switched to safe  : 2023-05-13
Alert User guest failed to authenticate from IP 164.54.183.109 v\ : 2025-06-14
fatal Database connection timeout after 196ms =WJe : 2024-01-04
notice Configuration file not found: /opt/app/settings.json _ : 2024-10-17
WARNING Disk space is critically low on /dev/nvme0n1 + : 2024-09-05
WARNING API key expired for user admin ` : 2023-06-13
Alert API key expired for user root Wb!\ : 2024-01-20
WARNING Database connection timeout after 618ms :RR%E : 2023-04-27
INFO service crashed unexpectedly with code 508 `)l : 2024-12-24
CRITICAL service crashed unexpectedly with code 413 HNj : 2024-06-28
CRITICAL Database connection established after 652ms DJ : 2025-04-10
fatal Temporary failure in name resolution | : 2024-10-25
INFO Resource Network not available yo : 2024-05-11
INFO User root failed to authenticate from IP 54.156.201.228 dFoqa : 2023-12-03
fatal Resource CPU not available - : 2023-06-28
INFO Temporary failure in name resolution  : 2024-12-09
ERROR Temporary failure in name resolution RtL : 2025-06-01
WARNING API key expired for user JaneDoe dlB}` : 2023-01-06
