DEBUG Temporary failure in name resolution  : 2024-04-03
CRITICAL Unable to resolve DNS for internal.local UD}\, : 2023-08-21
ERROR Disk space is critically low on /mnt/data u@ : 2024-08-20
fatal Server started successfully at port 8794 .kD : 2025-04-15
Alert Disk space is critically low on /  : 2024-08-28
fatal API key expired for user user1 v:%Yj : 2023-07-26
INFO Configuration file not found: /etc/config.yaml ;`klL : 2024-01-19
DEBUG Service mode switched to isolated r : 2024-12-02
fatal Unable to resolve DNS for internal.local  : 2024-07-30
DEBUG service crashed unexpectedly with code 419 VT. : 2024-02-04
notice Resource GPU not available j),h : 2024-08-06
notice User guest failed to authenticate from IP 145.101.248.71 ?pxw : 2025-07-04
WARNING Unable to resolve DNS for example.com  : 2024-08-11
ERROR Service mode switched to isolated B.\r : 2025-01-20
ERROR Disk space is critically low on /dev/nvme0n1 aL : 2024-12-25
notice Resource CPU not available of"> : 2024-05-06
fatal Service mode switched to isolated  : 2023-06-07
WARNING Server started successfully at port 8376 / : 2025-05-04
Alert Disk space is critically low on /dev/nvme0n1 />OE : 2025-04-12
Alert User root failed to authenticate from IP 254.141.164.26 x : 2023-12-29
notice Service mode switched to production P_[f& : 2023-05-30
DEBUG Resource Network not available qVuq< : 2024-02-03
CRITICAL User user1 failed to authenticate from IP 187.137.227.195  : 2025-01-25
ERROR API key expired for user JaneDoe #oy;K : 2023-04-10
fatal Service mode switched to production Y : 2024-10-23
notice Unable to resolve DNS for api.service.io  : 2024-03-04
fatal Server started successfully at port 8807 ; : 2024-12-27
DEBUG Resource Network not available F` : 2025-05-15
notice Configuration file not found: /var/log/syslog OD : 2024-10-18
Alert User john_doe failed to authenticate from IP 245.79.44.196 G-Z.c : 2024-06-13
ERROR Configuration file not found: /opt/app/settings.json la : 2024-06-11
DEBUG Disk space is critically low on /dev/nvme0n1 <k>Z : 2023-08-21
fatal service crashed unexpectedly with code 220  : 2025-05-03
DEBUG Service mode switched to isolated * : 2025-03-19
DEBUG Database connection timeout after 165ms -iRy} : 2023-11-14
fatal Disk space is critically low on /dev/nvme0n1 a : 2024-09-14
CRITICAL Database connection established after 60ms z(<@c : 2023-07-08
CRITICAL Unable to resolve DNS for api.service.io %#j : 2024-03-05
DEBUG service crashed unexpectedly with code 566 I : 2024-04-23
fatal Database connection established after 558ms  : 2023-10-22
Alert Unable to resolve DNS for example.com pk@ : 2023-03-17
WARNING API key expired for user admin ^ : 2023-05-04
Alert User root failed to authenticate from IP 177.186.82.161 fq : 2024-03-20
INFO Server started successfully at port 8520 !d : 2023-04-11
Alert Database connection refused after 383ms : : 2024-10-12
WARNING API key expired for user apiUser ?u_ : 2023-12-05
fatal User user1 failed to authenticate from IP 61.106.6.22 SG : 2023-10-01
CRITICAL Unable to resolve DNS for api.service.io kZJf : 2023-12-17
Alert API key expired for user guest Le* : 2023-08-15
ERROR Temporary failure in name resolution BVdEr : 2025-03-28
DEBUG API key expired for user guest ]r : 2024-08-17
DEBUG Resource RAM not available _Y^#c : 2024-05-25
notice service crashed unexpectedly with code 343 u/` : 2025-02-24
ERROR User user1 failed to authenticate from IP 5.179.87.115 A)` : 2024-10-26
CRITICAL API key expired for user admin #{c : 2024-02-11
ERROR API key expired for user user1 t : 2024-01-20
CRITICAL Server started successfully at port 8128 e/ : 2023-09-06
ERROR Service mode switched to isolated H*:t : 2024-04-23
ERROR Disk space is critically low on /mnt/data L+ : 2024-12-04
fatal Resource RAM not available -n/~@ : 2024-03-06
INFO API key expired for user apiUser aht- : 2023-05-06
ERROR Service mode switched to isolated nA;#@ : 2024-02-04
fatal Unable to resolve DNS for api.service.io }^~^B : 2023-11-20
CRITICAL Disk space is critically low on /dev/nvme0n1  : 2024-11-14
WARNING Disk space is critically low on /dev/nvme0n1 GV : 2024-09-20
Alert Temporary failure in name resolution ?-d : 2024-01-04
fatal Temporary failure in name resolution ux : 2024-04-09
fatal Configuration file not found: /home/user/.env ;c' : 2025-05-01
Alert API key expired for user user1 #}NR? : 2024-05-20
DEBUG Unable to resolve DNS for api.service.io FJB : 2025-06-04
ERROR Database connection refused after 458ms o : 2025-07-08
DEBUG Resource CPU not available K : 2024-09-14
INFO Server started successfully at port 8566 <CKb : 2024-08-18
DEBUG Server started successfully at port 8210 I_EN : 2024-07-20
INFO service crashed unexpectedly with code 321 )<{= : 2024-03-03
fatal Resource CPU not available ` : 2024-11-15
Alert Unable to resolve DNS for internal.local >z(Av : 2024-02-01
ERROR API key expired for user JaneDoe QTU : 2024-03-25
CRITICAL service crashed unexpectedly with code 336 =h+ : 2024-12-31
INFO API key expired for user apiUser bbzlH : 2023-06-23
fatal Temporary failure in name resolution  : 2024-04-01
fatal Service mode switched to isolated Qq< : 2025-05-01
INFO API key expired for user john_doe : : 2023-03-08
Alert User apiUser failed to authenticate from IP 126.192.172.11 .`cI : 2024-11-01
DEBUG Unable to resolve DNS for api.service.io MdOki : 2024-12-09
DEBUG Temporary failure in name resolution ne&mJ : 2024-08-15
INFO Server started successfully at port 8841 iQuI : 2023-02-28
WARNING Configuration file not found: /opt/app/settings.json rLQ : 2024-05-15
INFO User admin failed to authenticate from IP 9.151.24.147 qpc : 2024-05-27
notice Disk space is critically low on /dev/nvme0n1 pJ:Zn : 2024-04-10
WARNING Database connection refused after 136ms \,s' : 2024-01-24
INFO Configuration file not found: /opt/app/settings.json JtH : 2024-03-16
Alert Temporary failure in name resolution y~j;G : 2023-05-30
CRITICAL Server started successfully at port 8829 X : 2023-12-25
CRITICAL Resource Network not available -s : 2025-01-15
CRITICAL API key expired for user user1  : 2023-03-28
WARNING Configuration file not found: /etc/config.yaml B : 2024-06-21
CRITICAL API key expired for user guest + : 2023-01-11
WARNING Server started successfully at port 8954 l : 2025-06-16
DEBUG Disk space is critically low on /mnt/data oEQ+ : 2025-06-07
DEBUG Service mode switched to production bs< : 2023-03-31
DEBUG Server started successfully at port 8472 rvwJ : 2025-01-24
ERROR API key expired for user admin WD : 2025-06-05
CRITICAL Database connection timeout after 199ms Ir : 2025-02-13
fatal Disk space is critically low on / |CtE- : 2023-10-09
DEBUG Server started successfully at port 8609 xB : 2024-11-09
CRITICAL Service mode switched to safe BvC# : 2024-06-18
INFO API key expired for user root !r : 2025-03-31
WARNING Service mode switched to isolated d[I : 2025-04-22
INFO Service mode switched to safe #i : 2024-03-27
WARNING Service mode switched to production kO(e$ : 2023-11-14
CRITICAL API key expired for user john_doe T>#A) : 2023-09-15
Alert Temporary failure in name resolution yV; : 2024-02-13
INFO Server started successfully at port 8009 hi}. : 2024-05-24
CRITICAL Disk space is critically low on /mnt/data  : 2023-07-06
CRITICAL User admin failed to authenticate from IP 104.106.137.215  : 2024-06-29
