WARNING Database connection established after 408ms pD+ : 2023-06-29
ERROR API key expired for user guest  : 2023-06-08
fatal Service mode switched to isolated +Y : 2023-03-17
ERROR User guest failed to authenticate from IP 89.112.181.61 MyIc : 2023-08-02
Alert API key expired for user john_doe dRBn| : 2023-03-19
WARNING Configuration file not found: /opt/app/settings.json a!vW : 2023-08-07
Alert Resource Network not available ~(~L : 2023-04-07
fatal Server started successfully at port 8902 Sh#=a : 2025-02-03
Alert Temporary failure in name resolution v;[n : 2024-08-28
CRITICAL Service mode switched to safe ^ : 2023-07-23
WARNING Service mode switched to isolated o : 2025-05-05
ERROR API key expired for user guest l}<` : 2023-04-03
ERROR Temporary failure in name resolution e<# : 2024-04-09
Alert Temporary failure in name resolution pgi&* : 2024-04-12
DEBUG Unable to resolve DNS for example.com  : 2023-01-15
fatal Database connection established after 250ms zYF : 2024-12-23
ERROR Resource CPU not available q)= : 2024-03-31
Alert Configuration file not found: /var/log/syslog r : 2025-01-17
Alert User JaneDoe failed to authenticate from IP 104.84.68.191 l : 2025-03-06
fatal Temporary failure in name resolution g>I : 2025-05-13
WARNING Temporary failure in name resolution `\pBU : 2023-06-30
INFO Service mode switched to isolated y+me> : 2023-02-07
notice Database connection established after 355ms ~xM'L : 2025-05-06
notice Unable to resolve DNS for internal.local q|K( : 2024-06-21
CRITICAL service crashed unexpectedly with code 173  : 2025-02-07
DEBUG User apiUser failed to authenticate from IP 76.21.19.136 |el? : 2024-06-10
DEBUG service crashed unexpectedly with code 430 RvZp : 2023-12-31
notice Server started successfully at port 8107 L! : 2024-10-26
WARNING Service mode switched to safe dnrKz : 2025-01-07
Alert Database connection timeout after 273ms  : 2023-05-18
INFO Disk space is critically low on /  : 2024-12-08
fatal service crashed unexpectedly with code 136 swW : 2023-06-27
DEBUG API key expired for user john_doe AD\/$ : 2023-09-29
notice Database connection established after 545ms  : 2025-01-18
ERROR Server started successfully at port 8738 X&taa : 2025-04-27
Alert Temporary failure in name resolution g!,; : 2023-11-01
Alert Resource GPU not available a\@E : 2023-05-09
fatal Database connection timeout after 372ms Kt; : 2024-02-18
INFO Configuration file not found: /home/user/.env fMi : 2024-06-03
fatal API key expired for user root (!b^W : 2024-10-05
Alert service crashed unexpectedly with code 443 LIkqj : 2023-11-12
CRITICAL Database connection established after 112ms )pN&Q : 2024-07-30
WARNING Service mode switched to safe q : 2023-08-19
INFO Database connection established after 277ms l; : 2023-05-18
WARNING Temporary failure in name resolution )[yX# : 2024-09-22
DEBUG Server started successfully at port 8959  : 2025-05-07
Alert Temporary failure in name resolution hXW : 2024-09-29
ERROR User apiUser failed to authenticate from IP 44.81.223.195  : 2023-12-27
DEBUG User guest failed to authenticate from IP 118.2.179.232 xtUs : 2023-02-27
fatal Disk space is critically low on /mnt/data  : 2025-04-22
WARNING Database connection timeout after 609ms Qb : 2024-06-15
fatal API key expired for user guest S*<$u : 2023-05-25
DEBUG Unable to resolve DNS for internal.local @c] : 2023-07-30
WARNING Temporary failure in name resolution ' : 2024-12-19
fatal API key expired for user john_doe ' : 2023-08-31
WARNING User apiUser failed to authenticate from IP 168.248.52.91  : 2025-05-21
CRITICAL Server started successfully at port 8927 _c+@f : 2024-06-04
CRITICAL Server started successfully at port 8469 /ny : 2024-04-23
CRITICAL API key expired for user john_doe .bG! : 2024-08-18
CRITICAL Resource RAM not available $@vU^ : 2024-12-01
notice service crashed unexpectedly with code 423 ^~TuH : 2025-06-11
WARNING Database connection timeout after 21ms Fgi : 2025-04-10
WARNING Server started successfully at port 8390 ZI : 2024-09-21
DEBUG Resource CPU not available ( : 2024-11-19
DEBUG Resource Network not available _wA : 2024-01-01
fatal Temporary failure in name resolution !|Mt : 2023-01-21
CRITICAL User guest failed to authenticate from IP 159.185.123.44 wmu : 2023-06-19
fatal Configuration file not found: /opt/app/settings.json )LUv : 2024-03-26
WARNING Server started successfully at port 8107 kn : 2023-01-05
fatal Service mode switched to production x : 2023-11-14
Alert Service mode switched to safe H?aA: : 2025-07-18
DEBUG Unable to resolve DNS for api.service.io t : 2023-07-04
INFO Disk space is critically low on /mnt/data NXiD : 2024-04-18
CRITICAL User guest failed to authenticate from IP 245.84.177.94 /=k : 2024-12-12
INFO Database connection timeout after 375ms M_V/ : 2023-08-05
fatal Temporary failure in name resolution z> : 2023-09-19
Alert service crashed unexpectedly with code 173  : 2025-02-13
CRITICAL Service mode switched to safe j : 2024-06-05
fatal Resource Network not available  : 2023-03-22
WARNING Server started successfully at port 8691 GtQN : 2023-11-26
INFO Configuration file not found: /var/log/syslog }H : 2024-09-25
CRITICAL Temporary failure in name resolution  : 2024-08-17
INFO Disk space is critically low on /mnt/data u>xR$ : 2024-09-19
CRITICAL Server started successfully at port 8720 M+V : 2024-05-15
fatal service crashed unexpectedly with code 556 &m^[ : 2024-10-13
INFO Resource Network not available /r!_ : 2023-04-10
notice Service mode switched to production 'W : 2024-06-20
WARNING Unable to resolve DNS for example.com  : 2024-05-22
ERROR Disk space is critically low on / c$~{ : 2024-12-31
ERROR API key expired for user user1 iP- : 2024-12-07
INFO API key expired for user guest =hP^- : 2025-03-28
fatal Temporary failure in name resolution c~ : 2024-02-24
CRITICAL User apiUser failed to authenticate from IP 132.23.217.76 qo : 2024-06-22
Alert Unable to resolve DNS for internal.local _Ln/= : 2023-08-10
fatal Resource RAM not available ~Q?#i : 2025-06-15
WARNING Service mode switched to production  : 2023-04-23
fatal Resource RAM not available @ : 2024-12-04
WARNING Server started successfully at port 8236 .$jV : 2023-03-20
notice service crashed unexpectedly with code 403 ? : 2023-11-05
notice Configuration file not found: /etc/config.yaml mDjC : 2023-07-29
DEBUG Unable to resolve DNS for api.service.io /qis{ : 2025-03-15
ERROR Server started successfully at port 8316 AeT"b : 2023-08-10
ERROR Configuration file not found: /opt/app/settings.json  : 2025-03-31
fatal Configuration file not found: /etc/config.yaml &X.>d : 2024-05-30
CRITICAL API key expired for user guest Y#DI : 2023-03-04
INFO Server started successfully at port 8155 PeVN : 2023-10-21
Alert Service mode switched to safe XM( : 2024-10-05
fatal service crashed unexpectedly with code 363 B|) : 2023-12-10
fatal Database connection timeout after 649ms J@_pB : 2023-06-14
WARNING Temporary failure in name resolution %OG&y : 2023-02-16
ERROR Disk space is critically low on / pUOW : 2025-01-08
notice Temporary failure in name resolution *& : 2024-11-18
DEBUG service crashed unexpectedly with code 492 r!z : 2025-07-10
INFO Temporary failure in name resolution i : 2023-11-17
ERROR Disk space is critically low on /dev/sda1 dYo^ : 2023-09-08
fatal Resource CPU not available ( : 2023-07-09
